<?xml version="1.0" encoding="UTF-8"?>
<testsuites>
  <testsuite name="C:\xampp\htdocs\reciclaje\Reciclaje_Practica\phpunit.xml" tests="25" assertions="2" errors="23" failures="0" skipped="0" time="4.311899">
    <testsuite name="Unit" tests="1" assertions="1" errors="0" failures="0" skipped="0" time="0.685209">
      <testsuite name="Tests\Unit\ExampleTest" file="C:\xampp\htdocs\reciclaje\Reciclaje_Practica\tests\Unit\ExampleTest.php" tests="1" assertions="1" errors="0" failures="0" skipped="0" time="0.685209">
        <testcase name="test_that_true_is_true" file="C:\xampp\htdocs\reciclaje\Reciclaje_Practica\tests\Unit\ExampleTest.php" line="12" class="Tests\Unit\ExampleTest" classname="Tests.Unit.ExampleTest" assertions="1" time="0.685209"/>
      </testsuite>
    </testsuite>
    <testsuite name="Feature" tests="24" assertions="1" errors="23" failures="0" skipped="0" time="3.626690">
      <testsuite name="Tests\Feature\Auth\AuthenticationTest" file="C:\xampp\htdocs\reciclaje\Reciclaje_Practica\tests\Feature\Auth\AuthenticationTest.php" tests="4" assertions="0" errors="4" failures="0" skipped="0" time="0.000000">
        <testcase name="test_login_screen_can_be_rendered" file="C:\xampp\htdocs\reciclaje\Reciclaje_Practica\tests\Feature\Auth\AuthenticationTest.php" line="13" class="Tests\Feature\Auth\AuthenticationTest" classname="Tests.Feature.Auth.AuthenticationTest" assertions="0" time="0.000000">
          <error type="Illuminate\Database\QueryException">Tests\Feature\Auth\AuthenticationTest::test_login_screen_can_be_rendered&#13;
Illuminate\Database\QueryException: SQLSTATE[HY000] [2002] No se puede establecer una conexión ya que el equipo de destino denegó expresamente dicha conexión (Connection: mysql, SQL: select exists (select 1 from information_schema.tables where table_schema = 'reciclaje' and table_name = 'migrations' and table_type in ('BASE TABLE', 'SYSTEM VERSIONED')) as `exists`)
&#13;
C:\xampp\htdocs\reciclaje\Reciclaje_Practica\vendor\laravel\framework\src\Illuminate\Database\Connection.php:825
C:\xampp\htdocs\reciclaje\Reciclaje_Practica\vendor\laravel\framework\src\Illuminate\Database\Connection.php:779
C:\xampp\htdocs\reciclaje\Reciclaje_Practica\vendor\laravel\framework\src\Illuminate\Database\Connection.php:398
C:\xampp\htdocs\reciclaje\Reciclaje_Practica\vendor\laravel\framework\src\Illuminate\Database\Connection.php:344
C:\xampp\htdocs\reciclaje\Reciclaje_Practica\vendor\laravel\framework\src\Illuminate\Database\Connection.php:361
C:\xampp\htdocs\reciclaje\Reciclaje_Practica\vendor\laravel\framework\src\Illuminate\Database\Schema\MySqlBuilder.php:45
C:\xampp\htdocs\reciclaje\Reciclaje_Practica\vendor\laravel\framework\src\Illuminate\Database\Migrations\DatabaseMigrationRepository.php:184
C:\xampp\htdocs\reciclaje\Reciclaje_Practica\vendor\laravel\framework\src\Illuminate\Database\Migrations\Migrator.php:680
C:\xampp\htdocs\reciclaje\Reciclaje_Practica\vendor\laravel\framework\src\Illuminate\Database\Console\Migrations\FreshCommand.php:68
C:\xampp\htdocs\reciclaje\Reciclaje_Practica\vendor\laravel\framework\src\Illuminate\Database\Migrations\Migrator.php:615
C:\xampp\htdocs\reciclaje\Reciclaje_Practica\vendor\laravel\framework\src\Illuminate\Database\Console\Migrations\FreshCommand.php:67
C:\xampp\htdocs\reciclaje\Reciclaje_Practica\vendor\laravel\framework\src\Illuminate\Container\BoundMethod.php:36
C:\xampp\htdocs\reciclaje\Reciclaje_Practica\vendor\laravel\framework\src\Illuminate\Container\Util.php:43
C:\xampp\htdocs\reciclaje\Reciclaje_Practica\vendor\laravel\framework\src\Illuminate\Container\BoundMethod.php:95
C:\xampp\htdocs\reciclaje\Reciclaje_Practica\vendor\laravel\framework\src\Illuminate\Container\BoundMethod.php:35
C:\xampp\htdocs\reciclaje\Reciclaje_Practica\vendor\laravel\framework\src\Illuminate\Container\Container.php:690
C:\xampp\htdocs\reciclaje\Reciclaje_Practica\vendor\laravel\framework\src\Illuminate\Console\Command.php:213
C:\xampp\htdocs\reciclaje\Reciclaje_Practica\vendor\symfony\console\Command\Command.php:279
C:\xampp\htdocs\reciclaje\Reciclaje_Practica\vendor\laravel\framework\src\Illuminate\Console\Command.php:182
C:\xampp\htdocs\reciclaje\Reciclaje_Practica\vendor\symfony\console\Application.php:1029
C:\xampp\htdocs\reciclaje\Reciclaje_Practica\vendor\symfony\console\Application.php:316
C:\xampp\htdocs\reciclaje\Reciclaje_Practica\vendor\symfony\console\Application.php:167
C:\xampp\htdocs\reciclaje\Reciclaje_Practica\vendor\laravel\framework\src\Illuminate\Console\Application.php:163
C:\xampp\htdocs\reciclaje\Reciclaje_Practica\vendor\laravel\framework\src\Illuminate\Foundation\Console\Kernel.php:426
C:\xampp\htdocs\reciclaje\Reciclaje_Practica\vendor\laravel\framework\src\Illuminate\Testing\PendingCommand.php:331
C:\xampp\htdocs\reciclaje\Reciclaje_Practica\vendor\laravel\framework\src\Illuminate\Testing\PendingCommand.php:532
C:\xampp\htdocs\reciclaje\Reciclaje_Practica\vendor\laravel\framework\src\Illuminate\Foundation\Testing\Concerns\InteractsWithConsole.php:87
C:\xampp\htdocs\reciclaje\Reciclaje_Practica\vendor\laravel\framework\src\Illuminate\Foundation\Testing\RefreshDatabase.php:66
C:\xampp\htdocs\reciclaje\Reciclaje_Practica\vendor\laravel\framework\src\Illuminate\Foundation\Testing\RefreshDatabase.php:25
C:\xampp\htdocs\reciclaje\Reciclaje_Practica\vendor\laravel\framework\src\Illuminate\Foundation\Testing\Concerns\InteractsWithTestCaseLifecycle.php:197
C:\xampp\htdocs\reciclaje\Reciclaje_Practica\vendor\laravel\framework\src\Illuminate\Foundation\Testing\Concerns\InteractsWithTestCaseLifecycle.php:91
C:\xampp\htdocs\reciclaje\Reciclaje_Practica\vendor\laravel\framework\src\Illuminate\Foundation\Testing\TestCase.php:44</error>
        </testcase>
        <testcase name="test_users_can_authenticate_using_the_login_screen" file="C:\xampp\htdocs\reciclaje\Reciclaje_Practica\tests\Feature\Auth\AuthenticationTest.php" line="20" class="Tests\Feature\Auth\AuthenticationTest" classname="Tests.Feature.Auth.AuthenticationTest" assertions="0" time="0.000000">
          <error type="Illuminate\Database\QueryException">Tests\Feature\Auth\AuthenticationTest::test_users_can_authenticate_using_the_login_screen&#13;
Illuminate\Database\QueryException: SQLSTATE[HY000] [2002] No se puede establecer una conexión ya que el equipo de destino denegó expresamente dicha conexión (Connection: mysql, SQL: select exists (select 1 from information_schema.tables where table_schema = 'reciclaje' and table_name = 'migrations' and table_type in ('BASE TABLE', 'SYSTEM VERSIONED')) as `exists`)
&#13;
C:\xampp\htdocs\reciclaje\Reciclaje_Practica\vendor\laravel\framework\src\Illuminate\Database\Connection.php:825
C:\xampp\htdocs\reciclaje\Reciclaje_Practica\vendor\laravel\framework\src\Illuminate\Database\Connection.php:779
C:\xampp\htdocs\reciclaje\Reciclaje_Practica\vendor\laravel\framework\src\Illuminate\Database\Connection.php:398
C:\xampp\htdocs\reciclaje\Reciclaje_Practica\vendor\laravel\framework\src\Illuminate\Database\Connection.php:344
C:\xampp\htdocs\reciclaje\Reciclaje_Practica\vendor\laravel\framework\src\Illuminate\Database\Connection.php:361
C:\xampp\htdocs\reciclaje\Reciclaje_Practica\vendor\laravel\framework\src\Illuminate\Database\Schema\MySqlBuilder.php:45
C:\xampp\htdocs\reciclaje\Reciclaje_Practica\vendor\laravel\framework\src\Illuminate\Database\Migrations\DatabaseMigrationRepository.php:184
C:\xampp\htdocs\reciclaje\Reciclaje_Practica\vendor\laravel\framework\src\Illuminate\Database\Migrations\Migrator.php:680
C:\xampp\htdocs\reciclaje\Reciclaje_Practica\vendor\laravel\framework\src\Illuminate\Database\Console\Migrations\FreshCommand.php:68
C:\xampp\htdocs\reciclaje\Reciclaje_Practica\vendor\laravel\framework\src\Illuminate\Database\Migrations\Migrator.php:615
C:\xampp\htdocs\reciclaje\Reciclaje_Practica\vendor\laravel\framework\src\Illuminate\Database\Console\Migrations\FreshCommand.php:67
C:\xampp\htdocs\reciclaje\Reciclaje_Practica\vendor\laravel\framework\src\Illuminate\Container\BoundMethod.php:36
C:\xampp\htdocs\reciclaje\Reciclaje_Practica\vendor\laravel\framework\src\Illuminate\Container\Util.php:43
C:\xampp\htdocs\reciclaje\Reciclaje_Practica\vendor\laravel\framework\src\Illuminate\Container\BoundMethod.php:95
C:\xampp\htdocs\reciclaje\Reciclaje_Practica\vendor\laravel\framework\src\Illuminate\Container\BoundMethod.php:35
C:\xampp\htdocs\reciclaje\Reciclaje_Practica\vendor\laravel\framework\src\Illuminate\Container\Container.php:690
C:\xampp\htdocs\reciclaje\Reciclaje_Practica\vendor\laravel\framework\src\Illuminate\Console\Command.php:213
C:\xampp\htdocs\reciclaje\Reciclaje_Practica\vendor\symfony\console\Command\Command.php:279
C:\xampp\htdocs\reciclaje\Reciclaje_Practica\vendor\laravel\framework\src\Illuminate\Console\Command.php:182
C:\xampp\htdocs\reciclaje\Reciclaje_Practica\vendor\symfony\console\Application.php:1029
C:\xampp\htdocs\reciclaje\Reciclaje_Practica\vendor\symfony\console\Application.php:316
C:\xampp\htdocs\reciclaje\Reciclaje_Practica\vendor\symfony\console\Application.php:167
C:\xampp\htdocs\reciclaje\Reciclaje_Practica\vendor\laravel\framework\src\Illuminate\Console\Application.php:163
C:\xampp\htdocs\reciclaje\Reciclaje_Practica\vendor\laravel\framework\src\Illuminate\Foundation\Console\Kernel.php:426
C:\xampp\htdocs\reciclaje\Reciclaje_Practica\vendor\laravel\framework\src\Illuminate\Testing\PendingCommand.php:331
C:\xampp\htdocs\reciclaje\Reciclaje_Practica\vendor\laravel\framework\src\Illuminate\Testing\PendingCommand.php:532
C:\xampp\htdocs\reciclaje\Reciclaje_Practica\vendor\laravel\framework\src\Illuminate\Foundation\Testing\Concerns\InteractsWithConsole.php:87
C:\xampp\htdocs\reciclaje\Reciclaje_Practica\vendor\laravel\framework\src\Illuminate\Foundation\Testing\RefreshDatabase.php:66
C:\xampp\htdocs\reciclaje\Reciclaje_Practica\vendor\laravel\framework\src\Illuminate\Foundation\Testing\RefreshDatabase.php:25
C:\xampp\htdocs\reciclaje\Reciclaje_Practica\vendor\laravel\framework\src\Illuminate\Foundation\Testing\Concerns\InteractsWithTestCaseLifecycle.php:197
C:\xampp\htdocs\reciclaje\Reciclaje_Practica\vendor\laravel\framework\src\Illuminate\Foundation\Testing\Concerns\InteractsWithTestCaseLifecycle.php:91
C:\xampp\htdocs\reciclaje\Reciclaje_Practica\vendor\laravel\framework\src\Illuminate\Foundation\Testing\TestCase.php:44</error>
        </testcase>
        <testcase name="test_users_can_not_authenticate_with_invalid_password" file="C:\xampp\htdocs\reciclaje\Reciclaje_Practica\tests\Feature\Auth\AuthenticationTest.php" line="33" class="Tests\Feature\Auth\AuthenticationTest" classname="Tests.Feature.Auth.AuthenticationTest" assertions="0" time="0.000000">
          <error type="Illuminate\Database\QueryException">Tests\Feature\Auth\AuthenticationTest::test_users_can_not_authenticate_with_invalid_password&#13;
Illuminate\Database\QueryException: SQLSTATE[HY000] [2002] No se puede establecer una conexión ya que el equipo de destino denegó expresamente dicha conexión (Connection: mysql, SQL: select exists (select 1 from information_schema.tables where table_schema = 'reciclaje' and table_name = 'migrations' and table_type in ('BASE TABLE', 'SYSTEM VERSIONED')) as `exists`)
&#13;
C:\xampp\htdocs\reciclaje\Reciclaje_Practica\vendor\laravel\framework\src\Illuminate\Database\Connection.php:825
C:\xampp\htdocs\reciclaje\Reciclaje_Practica\vendor\laravel\framework\src\Illuminate\Database\Connection.php:779
C:\xampp\htdocs\reciclaje\Reciclaje_Practica\vendor\laravel\framework\src\Illuminate\Database\Connection.php:398
C:\xampp\htdocs\reciclaje\Reciclaje_Practica\vendor\laravel\framework\src\Illuminate\Database\Connection.php:344
C:\xampp\htdocs\reciclaje\Reciclaje_Practica\vendor\laravel\framework\src\Illuminate\Database\Connection.php:361
C:\xampp\htdocs\reciclaje\Reciclaje_Practica\vendor\laravel\framework\src\Illuminate\Database\Schema\MySqlBuilder.php:45
C:\xampp\htdocs\reciclaje\Reciclaje_Practica\vendor\laravel\framework\src\Illuminate\Database\Migrations\DatabaseMigrationRepository.php:184
C:\xampp\htdocs\reciclaje\Reciclaje_Practica\vendor\laravel\framework\src\Illuminate\Database\Migrations\Migrator.php:680
C:\xampp\htdocs\reciclaje\Reciclaje_Practica\vendor\laravel\framework\src\Illuminate\Database\Console\Migrations\FreshCommand.php:68
C:\xampp\htdocs\reciclaje\Reciclaje_Practica\vendor\laravel\framework\src\Illuminate\Database\Migrations\Migrator.php:615
C:\xampp\htdocs\reciclaje\Reciclaje_Practica\vendor\laravel\framework\src\Illuminate\Database\Console\Migrations\FreshCommand.php:67
C:\xampp\htdocs\reciclaje\Reciclaje_Practica\vendor\laravel\framework\src\Illuminate\Container\BoundMethod.php:36
C:\xampp\htdocs\reciclaje\Reciclaje_Practica\vendor\laravel\framework\src\Illuminate\Container\Util.php:43
C:\xampp\htdocs\reciclaje\Reciclaje_Practica\vendor\laravel\framework\src\Illuminate\Container\BoundMethod.php:95
C:\xampp\htdocs\reciclaje\Reciclaje_Practica\vendor\laravel\framework\src\Illuminate\Container\BoundMethod.php:35
C:\xampp\htdocs\reciclaje\Reciclaje_Practica\vendor\laravel\framework\src\Illuminate\Container\Container.php:690
C:\xampp\htdocs\reciclaje\Reciclaje_Practica\vendor\laravel\framework\src\Illuminate\Console\Command.php:213
C:\xampp\htdocs\reciclaje\Reciclaje_Practica\vendor\symfony\console\Command\Command.php:279
C:\xampp\htdocs\reciclaje\Reciclaje_Practica\vendor\laravel\framework\src\Illuminate\Console\Command.php:182
C:\xampp\htdocs\reciclaje\Reciclaje_Practica\vendor\symfony\console\Application.php:1029
C:\xampp\htdocs\reciclaje\Reciclaje_Practica\vendor\symfony\console\Application.php:316
C:\xampp\htdocs\reciclaje\Reciclaje_Practica\vendor\symfony\console\Application.php:167
C:\xampp\htdocs\reciclaje\Reciclaje_Practica\vendor\laravel\framework\src\Illuminate\Console\Application.php:163
C:\xampp\htdocs\reciclaje\Reciclaje_Practica\vendor\laravel\framework\src\Illuminate\Foundation\Console\Kernel.php:426
C:\xampp\htdocs\reciclaje\Reciclaje_Practica\vendor\laravel\framework\src\Illuminate\Testing\PendingCommand.php:331
C:\xampp\htdocs\reciclaje\Reciclaje_Practica\vendor\laravel\framework\src\Illuminate\Testing\PendingCommand.php:532
C:\xampp\htdocs\reciclaje\Reciclaje_Practica\vendor\laravel\framework\src\Illuminate\Foundation\Testing\Concerns\InteractsWithConsole.php:87
C:\xampp\htdocs\reciclaje\Reciclaje_Practica\vendor\laravel\framework\src\Illuminate\Foundation\Testing\RefreshDatabase.php:66
C:\xampp\htdocs\reciclaje\Reciclaje_Practica\vendor\laravel\framework\src\Illuminate\Foundation\Testing\RefreshDatabase.php:25
C:\xampp\htdocs\reciclaje\Reciclaje_Practica\vendor\laravel\framework\src\Illuminate\Foundation\Testing\Concerns\InteractsWithTestCaseLifecycle.php:197
C:\xampp\htdocs\reciclaje\Reciclaje_Practica\vendor\laravel\framework\src\Illuminate\Foundation\Testing\Concerns\InteractsWithTestCaseLifecycle.php:91
C:\xampp\htdocs\reciclaje\Reciclaje_Practica\vendor\laravel\framework\src\Illuminate\Foundation\Testing\TestCase.php:44</error>
        </testcase>
        <testcase name="test_users_can_logout" file="C:\xampp\htdocs\reciclaje\Reciclaje_Practica\tests\Feature\Auth\AuthenticationTest.php" line="45" class="Tests\Feature\Auth\AuthenticationTest" classname="Tests.Feature.Auth.AuthenticationTest" assertions="0" time="0.000000">
          <error type="Illuminate\Database\QueryException">Tests\Feature\Auth\AuthenticationTest::test_users_can_logout&#13;
Illuminate\Database\QueryException: SQLSTATE[HY000] [2002] No se puede establecer una conexión ya que el equipo de destino denegó expresamente dicha conexión (Connection: mysql, SQL: select exists (select 1 from information_schema.tables where table_schema = 'reciclaje' and table_name = 'migrations' and table_type in ('BASE TABLE', 'SYSTEM VERSIONED')) as `exists`)
&#13;
C:\xampp\htdocs\reciclaje\Reciclaje_Practica\vendor\laravel\framework\src\Illuminate\Database\Connection.php:825
C:\xampp\htdocs\reciclaje\Reciclaje_Practica\vendor\laravel\framework\src\Illuminate\Database\Connection.php:779
C:\xampp\htdocs\reciclaje\Reciclaje_Practica\vendor\laravel\framework\src\Illuminate\Database\Connection.php:398
C:\xampp\htdocs\reciclaje\Reciclaje_Practica\vendor\laravel\framework\src\Illuminate\Database\Connection.php:344
C:\xampp\htdocs\reciclaje\Reciclaje_Practica\vendor\laravel\framework\src\Illuminate\Database\Connection.php:361
C:\xampp\htdocs\reciclaje\Reciclaje_Practica\vendor\laravel\framework\src\Illuminate\Database\Schema\MySqlBuilder.php:45
C:\xampp\htdocs\reciclaje\Reciclaje_Practica\vendor\laravel\framework\src\Illuminate\Database\Migrations\DatabaseMigrationRepository.php:184
C:\xampp\htdocs\reciclaje\Reciclaje_Practica\vendor\laravel\framework\src\Illuminate\Database\Migrations\Migrator.php:680
C:\xampp\htdocs\reciclaje\Reciclaje_Practica\vendor\laravel\framework\src\Illuminate\Database\Console\Migrations\FreshCommand.php:68
C:\xampp\htdocs\reciclaje\Reciclaje_Practica\vendor\laravel\framework\src\Illuminate\Database\Migrations\Migrator.php:615
C:\xampp\htdocs\reciclaje\Reciclaje_Practica\vendor\laravel\framework\src\Illuminate\Database\Console\Migrations\FreshCommand.php:67
C:\xampp\htdocs\reciclaje\Reciclaje_Practica\vendor\laravel\framework\src\Illuminate\Container\BoundMethod.php:36
C:\xampp\htdocs\reciclaje\Reciclaje_Practica\vendor\laravel\framework\src\Illuminate\Container\Util.php:43
C:\xampp\htdocs\reciclaje\Reciclaje_Practica\vendor\laravel\framework\src\Illuminate\Container\BoundMethod.php:95
C:\xampp\htdocs\reciclaje\Reciclaje_Practica\vendor\laravel\framework\src\Illuminate\Container\BoundMethod.php:35
C:\xampp\htdocs\reciclaje\Reciclaje_Practica\vendor\laravel\framework\src\Illuminate\Container\Container.php:690
C:\xampp\htdocs\reciclaje\Reciclaje_Practica\vendor\laravel\framework\src\Illuminate\Console\Command.php:213
C:\xampp\htdocs\reciclaje\Reciclaje_Practica\vendor\symfony\console\Command\Command.php:279
C:\xampp\htdocs\reciclaje\Reciclaje_Practica\vendor\laravel\framework\src\Illuminate\Console\Command.php:182
C:\xampp\htdocs\reciclaje\Reciclaje_Practica\vendor\symfony\console\Application.php:1029
C:\xampp\htdocs\reciclaje\Reciclaje_Practica\vendor\symfony\console\Application.php:316
C:\xampp\htdocs\reciclaje\Reciclaje_Practica\vendor\symfony\console\Application.php:167
C:\xampp\htdocs\reciclaje\Reciclaje_Practica\vendor\laravel\framework\src\Illuminate\Console\Application.php:163
C:\xampp\htdocs\reciclaje\Reciclaje_Practica\vendor\laravel\framework\src\Illuminate\Foundation\Console\Kernel.php:426
C:\xampp\htdocs\reciclaje\Reciclaje_Practica\vendor\laravel\framework\src\Illuminate\Testing\PendingCommand.php:331
C:\xampp\htdocs\reciclaje\Reciclaje_Practica\vendor\laravel\framework\src\Illuminate\Testing\PendingCommand.php:532
C:\xampp\htdocs\reciclaje\Reciclaje_Practica\vendor\laravel\framework\src\Illuminate\Foundation\Testing\Concerns\InteractsWithConsole.php:87
C:\xampp\htdocs\reciclaje\Reciclaje_Practica\vendor\laravel\framework\src\Illuminate\Foundation\Testing\RefreshDatabase.php:66
C:\xampp\htdocs\reciclaje\Reciclaje_Practica\vendor\laravel\framework\src\Illuminate\Foundation\Testing\RefreshDatabase.php:25
C:\xampp\htdocs\reciclaje\Reciclaje_Practica\vendor\laravel\framework\src\Illuminate\Foundation\Testing\Concerns\InteractsWithTestCaseLifecycle.php:197
C:\xampp\htdocs\reciclaje\Reciclaje_Practica\vendor\laravel\framework\src\Illuminate\Foundation\Testing\Concerns\InteractsWithTestCaseLifecycle.php:91
C:\xampp\htdocs\reciclaje\Reciclaje_Practica\vendor\laravel\framework\src\Illuminate\Foundation\Testing\TestCase.php:44</error>
        </testcase>
      </testsuite>
      <testsuite name="Tests\Feature\Auth\EmailVerificationTest" file="C:\xampp\htdocs\reciclaje\Reciclaje_Practica\tests\Feature\Auth\EmailVerificationTest.php" tests="3" assertions="0" errors="3" failures="0" skipped="0" time="0.000000">
        <testcase name="test_email_verification_screen_can_be_rendered" file="C:\xampp\htdocs\reciclaje\Reciclaje_Practica\tests\Feature\Auth\EmailVerificationTest.php" line="16" class="Tests\Feature\Auth\EmailVerificationTest" classname="Tests.Feature.Auth.EmailVerificationTest" assertions="0" time="0.000000">
          <error type="Illuminate\Database\QueryException">Tests\Feature\Auth\EmailVerificationTest::test_email_verification_screen_can_be_rendered&#13;
Illuminate\Database\QueryException: SQLSTATE[HY000] [2002] No se puede establecer una conexión ya que el equipo de destino denegó expresamente dicha conexión (Connection: mysql, SQL: select exists (select 1 from information_schema.tables where table_schema = 'reciclaje' and table_name = 'migrations' and table_type in ('BASE TABLE', 'SYSTEM VERSIONED')) as `exists`)
&#13;
C:\xampp\htdocs\reciclaje\Reciclaje_Practica\vendor\laravel\framework\src\Illuminate\Database\Connection.php:825
C:\xampp\htdocs\reciclaje\Reciclaje_Practica\vendor\laravel\framework\src\Illuminate\Database\Connection.php:779
C:\xampp\htdocs\reciclaje\Reciclaje_Practica\vendor\laravel\framework\src\Illuminate\Database\Connection.php:398
C:\xampp\htdocs\reciclaje\Reciclaje_Practica\vendor\laravel\framework\src\Illuminate\Database\Connection.php:344
C:\xampp\htdocs\reciclaje\Reciclaje_Practica\vendor\laravel\framework\src\Illuminate\Database\Connection.php:361
C:\xampp\htdocs\reciclaje\Reciclaje_Practica\vendor\laravel\framework\src\Illuminate\Database\Schema\MySqlBuilder.php:45
C:\xampp\htdocs\reciclaje\Reciclaje_Practica\vendor\laravel\framework\src\Illuminate\Database\Migrations\DatabaseMigrationRepository.php:184
C:\xampp\htdocs\reciclaje\Reciclaje_Practica\vendor\laravel\framework\src\Illuminate\Database\Migrations\Migrator.php:680
C:\xampp\htdocs\reciclaje\Reciclaje_Practica\vendor\laravel\framework\src\Illuminate\Database\Console\Migrations\FreshCommand.php:68
C:\xampp\htdocs\reciclaje\Reciclaje_Practica\vendor\laravel\framework\src\Illuminate\Database\Migrations\Migrator.php:615
C:\xampp\htdocs\reciclaje\Reciclaje_Practica\vendor\laravel\framework\src\Illuminate\Database\Console\Migrations\FreshCommand.php:67
C:\xampp\htdocs\reciclaje\Reciclaje_Practica\vendor\laravel\framework\src\Illuminate\Container\BoundMethod.php:36
C:\xampp\htdocs\reciclaje\Reciclaje_Practica\vendor\laravel\framework\src\Illuminate\Container\Util.php:43
C:\xampp\htdocs\reciclaje\Reciclaje_Practica\vendor\laravel\framework\src\Illuminate\Container\BoundMethod.php:95
C:\xampp\htdocs\reciclaje\Reciclaje_Practica\vendor\laravel\framework\src\Illuminate\Container\BoundMethod.php:35
C:\xampp\htdocs\reciclaje\Reciclaje_Practica\vendor\laravel\framework\src\Illuminate\Container\Container.php:690
C:\xampp\htdocs\reciclaje\Reciclaje_Practica\vendor\laravel\framework\src\Illuminate\Console\Command.php:213
C:\xampp\htdocs\reciclaje\Reciclaje_Practica\vendor\symfony\console\Command\Command.php:279
C:\xampp\htdocs\reciclaje\Reciclaje_Practica\vendor\laravel\framework\src\Illuminate\Console\Command.php:182
C:\xampp\htdocs\reciclaje\Reciclaje_Practica\vendor\symfony\console\Application.php:1029
C:\xampp\htdocs\reciclaje\Reciclaje_Practica\vendor\symfony\console\Application.php:316
C:\xampp\htdocs\reciclaje\Reciclaje_Practica\vendor\symfony\console\Application.php:167
C:\xampp\htdocs\reciclaje\Reciclaje_Practica\vendor\laravel\framework\src\Illuminate\Console\Application.php:163
C:\xampp\htdocs\reciclaje\Reciclaje_Practica\vendor\laravel\framework\src\Illuminate\Foundation\Console\Kernel.php:426
C:\xampp\htdocs\reciclaje\Reciclaje_Practica\vendor\laravel\framework\src\Illuminate\Testing\PendingCommand.php:331
C:\xampp\htdocs\reciclaje\Reciclaje_Practica\vendor\laravel\framework\src\Illuminate\Testing\PendingCommand.php:532
C:\xampp\htdocs\reciclaje\Reciclaje_Practica\vendor\laravel\framework\src\Illuminate\Foundation\Testing\Concerns\InteractsWithConsole.php:87
C:\xampp\htdocs\reciclaje\Reciclaje_Practica\vendor\laravel\framework\src\Illuminate\Foundation\Testing\RefreshDatabase.php:66
C:\xampp\htdocs\reciclaje\Reciclaje_Practica\vendor\laravel\framework\src\Illuminate\Foundation\Testing\RefreshDatabase.php:25
C:\xampp\htdocs\reciclaje\Reciclaje_Practica\vendor\laravel\framework\src\Illuminate\Foundation\Testing\Concerns\InteractsWithTestCaseLifecycle.php:197
C:\xampp\htdocs\reciclaje\Reciclaje_Practica\vendor\laravel\framework\src\Illuminate\Foundation\Testing\Concerns\InteractsWithTestCaseLifecycle.php:91
C:\xampp\htdocs\reciclaje\Reciclaje_Practica\vendor\laravel\framework\src\Illuminate\Foundation\Testing\TestCase.php:44</error>
        </testcase>
        <testcase name="test_email_can_be_verified" file="C:\xampp\htdocs\reciclaje\Reciclaje_Practica\tests\Feature\Auth\EmailVerificationTest.php" line="25" class="Tests\Feature\Auth\EmailVerificationTest" classname="Tests.Feature.Auth.EmailVerificationTest" assertions="0" time="0.000000">
          <error type="Illuminate\Database\QueryException">Tests\Feature\Auth\EmailVerificationTest::test_email_can_be_verified&#13;
Illuminate\Database\QueryException: SQLSTATE[HY000] [2002] No se puede establecer una conexión ya que el equipo de destino denegó expresamente dicha conexión (Connection: mysql, SQL: select exists (select 1 from information_schema.tables where table_schema = 'reciclaje' and table_name = 'migrations' and table_type in ('BASE TABLE', 'SYSTEM VERSIONED')) as `exists`)
&#13;
C:\xampp\htdocs\reciclaje\Reciclaje_Practica\vendor\laravel\framework\src\Illuminate\Database\Connection.php:825
C:\xampp\htdocs\reciclaje\Reciclaje_Practica\vendor\laravel\framework\src\Illuminate\Database\Connection.php:779
C:\xampp\htdocs\reciclaje\Reciclaje_Practica\vendor\laravel\framework\src\Illuminate\Database\Connection.php:398
C:\xampp\htdocs\reciclaje\Reciclaje_Practica\vendor\laravel\framework\src\Illuminate\Database\Connection.php:344
C:\xampp\htdocs\reciclaje\Reciclaje_Practica\vendor\laravel\framework\src\Illuminate\Database\Connection.php:361
C:\xampp\htdocs\reciclaje\Reciclaje_Practica\vendor\laravel\framework\src\Illuminate\Database\Schema\MySqlBuilder.php:45
C:\xampp\htdocs\reciclaje\Reciclaje_Practica\vendor\laravel\framework\src\Illuminate\Database\Migrations\DatabaseMigrationRepository.php:184
C:\xampp\htdocs\reciclaje\Reciclaje_Practica\vendor\laravel\framework\src\Illuminate\Database\Migrations\Migrator.php:680
C:\xampp\htdocs\reciclaje\Reciclaje_Practica\vendor\laravel\framework\src\Illuminate\Database\Console\Migrations\FreshCommand.php:68
C:\xampp\htdocs\reciclaje\Reciclaje_Practica\vendor\laravel\framework\src\Illuminate\Database\Migrations\Migrator.php:615
C:\xampp\htdocs\reciclaje\Reciclaje_Practica\vendor\laravel\framework\src\Illuminate\Database\Console\Migrations\FreshCommand.php:67
C:\xampp\htdocs\reciclaje\Reciclaje_Practica\vendor\laravel\framework\src\Illuminate\Container\BoundMethod.php:36
C:\xampp\htdocs\reciclaje\Reciclaje_Practica\vendor\laravel\framework\src\Illuminate\Container\Util.php:43
C:\xampp\htdocs\reciclaje\Reciclaje_Practica\vendor\laravel\framework\src\Illuminate\Container\BoundMethod.php:95
C:\xampp\htdocs\reciclaje\Reciclaje_Practica\vendor\laravel\framework\src\Illuminate\Container\BoundMethod.php:35
C:\xampp\htdocs\reciclaje\Reciclaje_Practica\vendor\laravel\framework\src\Illuminate\Container\Container.php:690
C:\xampp\htdocs\reciclaje\Reciclaje_Practica\vendor\laravel\framework\src\Illuminate\Console\Command.php:213
C:\xampp\htdocs\reciclaje\Reciclaje_Practica\vendor\symfony\console\Command\Command.php:279
C:\xampp\htdocs\reciclaje\Reciclaje_Practica\vendor\laravel\framework\src\Illuminate\Console\Command.php:182
C:\xampp\htdocs\reciclaje\Reciclaje_Practica\vendor\symfony\console\Application.php:1029
C:\xampp\htdocs\reciclaje\Reciclaje_Practica\vendor\symfony\console\Application.php:316
C:\xampp\htdocs\reciclaje\Reciclaje_Practica\vendor\symfony\console\Application.php:167
C:\xampp\htdocs\reciclaje\Reciclaje_Practica\vendor\laravel\framework\src\Illuminate\Console\Application.php:163
C:\xampp\htdocs\reciclaje\Reciclaje_Practica\vendor\laravel\framework\src\Illuminate\Foundation\Console\Kernel.php:426
C:\xampp\htdocs\reciclaje\Reciclaje_Practica\vendor\laravel\framework\src\Illuminate\Testing\PendingCommand.php:331
C:\xampp\htdocs\reciclaje\Reciclaje_Practica\vendor\laravel\framework\src\Illuminate\Testing\PendingCommand.php:532
C:\xampp\htdocs\reciclaje\Reciclaje_Practica\vendor\laravel\framework\src\Illuminate\Foundation\Testing\Concerns\InteractsWithConsole.php:87
C:\xampp\htdocs\reciclaje\Reciclaje_Practica\vendor\laravel\framework\src\Illuminate\Foundation\Testing\RefreshDatabase.php:66
C:\xampp\htdocs\reciclaje\Reciclaje_Practica\vendor\laravel\framework\src\Illuminate\Foundation\Testing\RefreshDatabase.php:25
C:\xampp\htdocs\reciclaje\Reciclaje_Practica\vendor\laravel\framework\src\Illuminate\Foundation\Testing\Concerns\InteractsWithTestCaseLifecycle.php:197
C:\xampp\htdocs\reciclaje\Reciclaje_Practica\vendor\laravel\framework\src\Illuminate\Foundation\Testing\Concerns\InteractsWithTestCaseLifecycle.php:91
C:\xampp\htdocs\reciclaje\Reciclaje_Practica\vendor\laravel\framework\src\Illuminate\Foundation\Testing\TestCase.php:44</error>
        </testcase>
        <testcase name="test_email_is_not_verified_with_invalid_hash" file="C:\xampp\htdocs\reciclaje\Reciclaje_Practica\tests\Feature\Auth\EmailVerificationTest.php" line="44" class="Tests\Feature\Auth\EmailVerificationTest" classname="Tests.Feature.Auth.EmailVerificationTest" assertions="0" time="0.000000">
          <error type="Illuminate\Database\QueryException">Tests\Feature\Auth\EmailVerificationTest::test_email_is_not_verified_with_invalid_hash&#13;
Illuminate\Database\QueryException: SQLSTATE[HY000] [2002] No se puede establecer una conexión ya que el equipo de destino denegó expresamente dicha conexión (Connection: mysql, SQL: select exists (select 1 from information_schema.tables where table_schema = 'reciclaje' and table_name = 'migrations' and table_type in ('BASE TABLE', 'SYSTEM VERSIONED')) as `exists`)
&#13;
C:\xampp\htdocs\reciclaje\Reciclaje_Practica\vendor\laravel\framework\src\Illuminate\Database\Connection.php:825
C:\xampp\htdocs\reciclaje\Reciclaje_Practica\vendor\laravel\framework\src\Illuminate\Database\Connection.php:779
C:\xampp\htdocs\reciclaje\Reciclaje_Practica\vendor\laravel\framework\src\Illuminate\Database\Connection.php:398
C:\xampp\htdocs\reciclaje\Reciclaje_Practica\vendor\laravel\framework\src\Illuminate\Database\Connection.php:344
C:\xampp\htdocs\reciclaje\Reciclaje_Practica\vendor\laravel\framework\src\Illuminate\Database\Connection.php:361
C:\xampp\htdocs\reciclaje\Reciclaje_Practica\vendor\laravel\framework\src\Illuminate\Database\Schema\MySqlBuilder.php:45
C:\xampp\htdocs\reciclaje\Reciclaje_Practica\vendor\laravel\framework\src\Illuminate\Database\Migrations\DatabaseMigrationRepository.php:184
C:\xampp\htdocs\reciclaje\Reciclaje_Practica\vendor\laravel\framework\src\Illuminate\Database\Migrations\Migrator.php:680
C:\xampp\htdocs\reciclaje\Reciclaje_Practica\vendor\laravel\framework\src\Illuminate\Database\Console\Migrations\FreshCommand.php:68
C:\xampp\htdocs\reciclaje\Reciclaje_Practica\vendor\laravel\framework\src\Illuminate\Database\Migrations\Migrator.php:615
C:\xampp\htdocs\reciclaje\Reciclaje_Practica\vendor\laravel\framework\src\Illuminate\Database\Console\Migrations\FreshCommand.php:67
C:\xampp\htdocs\reciclaje\Reciclaje_Practica\vendor\laravel\framework\src\Illuminate\Container\BoundMethod.php:36
C:\xampp\htdocs\reciclaje\Reciclaje_Practica\vendor\laravel\framework\src\Illuminate\Container\Util.php:43
C:\xampp\htdocs\reciclaje\Reciclaje_Practica\vendor\laravel\framework\src\Illuminate\Container\BoundMethod.php:95
C:\xampp\htdocs\reciclaje\Reciclaje_Practica\vendor\laravel\framework\src\Illuminate\Container\BoundMethod.php:35
C:\xampp\htdocs\reciclaje\Reciclaje_Practica\vendor\laravel\framework\src\Illuminate\Container\Container.php:690
C:\xampp\htdocs\reciclaje\Reciclaje_Practica\vendor\laravel\framework\src\Illuminate\Console\Command.php:213
C:\xampp\htdocs\reciclaje\Reciclaje_Practica\vendor\symfony\console\Command\Command.php:279
C:\xampp\htdocs\reciclaje\Reciclaje_Practica\vendor\laravel\framework\src\Illuminate\Console\Command.php:182
C:\xampp\htdocs\reciclaje\Reciclaje_Practica\vendor\symfony\console\Application.php:1029
C:\xampp\htdocs\reciclaje\Reciclaje_Practica\vendor\symfony\console\Application.php:316
C:\xampp\htdocs\reciclaje\Reciclaje_Practica\vendor\symfony\console\Application.php:167
C:\xampp\htdocs\reciclaje\Reciclaje_Practica\vendor\laravel\framework\src\Illuminate\Console\Application.php:163
C:\xampp\htdocs\reciclaje\Reciclaje_Practica\vendor\laravel\framework\src\Illuminate\Foundation\Console\Kernel.php:426
C:\xampp\htdocs\reciclaje\Reciclaje_Practica\vendor\laravel\framework\src\Illuminate\Testing\PendingCommand.php:331
C:\xampp\htdocs\reciclaje\Reciclaje_Practica\vendor\laravel\framework\src\Illuminate\Testing\PendingCommand.php:532
C:\xampp\htdocs\reciclaje\Reciclaje_Practica\vendor\laravel\framework\src\Illuminate\Foundation\Testing\Concerns\InteractsWithConsole.php:87
C:\xampp\htdocs\reciclaje\Reciclaje_Practica\vendor\laravel\framework\src\Illuminate\Foundation\Testing\RefreshDatabase.php:66
C:\xampp\htdocs\reciclaje\Reciclaje_Practica\vendor\laravel\framework\src\Illuminate\Foundation\Testing\RefreshDatabase.php:25
C:\xampp\htdocs\reciclaje\Reciclaje_Practica\vendor\laravel\framework\src\Illuminate\Foundation\Testing\Concerns\InteractsWithTestCaseLifecycle.php:197
C:\xampp\htdocs\reciclaje\Reciclaje_Practica\vendor\laravel\framework\src\Illuminate\Foundation\Testing\Concerns\InteractsWithTestCaseLifecycle.php:91
C:\xampp\htdocs\reciclaje\Reciclaje_Practica\vendor\laravel\framework\src\Illuminate\Foundation\Testing\TestCase.php:44</error>
        </testcase>
      </testsuite>
      <testsuite name="Tests\Feature\Auth\PasswordConfirmationTest" file="C:\xampp\htdocs\reciclaje\Reciclaje_Practica\tests\Feature\Auth\PasswordConfirmationTest.php" tests="3" assertions="0" errors="3" failures="0" skipped="0" time="0.000000">
        <testcase name="test_confirm_password_screen_can_be_rendered" file="C:\xampp\htdocs\reciclaje\Reciclaje_Practica\tests\Feature\Auth\PasswordConfirmationTest.php" line="13" class="Tests\Feature\Auth\PasswordConfirmationTest" classname="Tests.Feature.Auth.PasswordConfirmationTest" assertions="0" time="0.000000">
          <error type="Illuminate\Database\QueryException">Tests\Feature\Auth\PasswordConfirmationTest::test_confirm_password_screen_can_be_rendered&#13;
Illuminate\Database\QueryException: SQLSTATE[HY000] [2002] No se puede establecer una conexión ya que el equipo de destino denegó expresamente dicha conexión (Connection: mysql, SQL: select exists (select 1 from information_schema.tables where table_schema = 'reciclaje' and table_name = 'migrations' and table_type in ('BASE TABLE', 'SYSTEM VERSIONED')) as `exists`)
&#13;
C:\xampp\htdocs\reciclaje\Reciclaje_Practica\vendor\laravel\framework\src\Illuminate\Database\Connection.php:825
C:\xampp\htdocs\reciclaje\Reciclaje_Practica\vendor\laravel\framework\src\Illuminate\Database\Connection.php:779
C:\xampp\htdocs\reciclaje\Reciclaje_Practica\vendor\laravel\framework\src\Illuminate\Database\Connection.php:398
C:\xampp\htdocs\reciclaje\Reciclaje_Practica\vendor\laravel\framework\src\Illuminate\Database\Connection.php:344
C:\xampp\htdocs\reciclaje\Reciclaje_Practica\vendor\laravel\framework\src\Illuminate\Database\Connection.php:361
C:\xampp\htdocs\reciclaje\Reciclaje_Practica\vendor\laravel\framework\src\Illuminate\Database\Schema\MySqlBuilder.php:45
C:\xampp\htdocs\reciclaje\Reciclaje_Practica\vendor\laravel\framework\src\Illuminate\Database\Migrations\DatabaseMigrationRepository.php:184
C:\xampp\htdocs\reciclaje\Reciclaje_Practica\vendor\laravel\framework\src\Illuminate\Database\Migrations\Migrator.php:680
C:\xampp\htdocs\reciclaje\Reciclaje_Practica\vendor\laravel\framework\src\Illuminate\Database\Console\Migrations\FreshCommand.php:68
C:\xampp\htdocs\reciclaje\Reciclaje_Practica\vendor\laravel\framework\src\Illuminate\Database\Migrations\Migrator.php:615
C:\xampp\htdocs\reciclaje\Reciclaje_Practica\vendor\laravel\framework\src\Illuminate\Database\Console\Migrations\FreshCommand.php:67
C:\xampp\htdocs\reciclaje\Reciclaje_Practica\vendor\laravel\framework\src\Illuminate\Container\BoundMethod.php:36
C:\xampp\htdocs\reciclaje\Reciclaje_Practica\vendor\laravel\framework\src\Illuminate\Container\Util.php:43
C:\xampp\htdocs\reciclaje\Reciclaje_Practica\vendor\laravel\framework\src\Illuminate\Container\BoundMethod.php:95
C:\xampp\htdocs\reciclaje\Reciclaje_Practica\vendor\laravel\framework\src\Illuminate\Container\BoundMethod.php:35
C:\xampp\htdocs\reciclaje\Reciclaje_Practica\vendor\laravel\framework\src\Illuminate\Container\Container.php:690
C:\xampp\htdocs\reciclaje\Reciclaje_Practica\vendor\laravel\framework\src\Illuminate\Console\Command.php:213
C:\xampp\htdocs\reciclaje\Reciclaje_Practica\vendor\symfony\console\Command\Command.php:279
C:\xampp\htdocs\reciclaje\Reciclaje_Practica\vendor\laravel\framework\src\Illuminate\Console\Command.php:182
C:\xampp\htdocs\reciclaje\Reciclaje_Practica\vendor\symfony\console\Application.php:1029
C:\xampp\htdocs\reciclaje\Reciclaje_Practica\vendor\symfony\console\Application.php:316
C:\xampp\htdocs\reciclaje\Reciclaje_Practica\vendor\symfony\console\Application.php:167
C:\xampp\htdocs\reciclaje\Reciclaje_Practica\vendor\laravel\framework\src\Illuminate\Console\Application.php:163
C:\xampp\htdocs\reciclaje\Reciclaje_Practica\vendor\laravel\framework\src\Illuminate\Foundation\Console\Kernel.php:426
C:\xampp\htdocs\reciclaje\Reciclaje_Practica\vendor\laravel\framework\src\Illuminate\Testing\PendingCommand.php:331
C:\xampp\htdocs\reciclaje\Reciclaje_Practica\vendor\laravel\framework\src\Illuminate\Testing\PendingCommand.php:532
C:\xampp\htdocs\reciclaje\Reciclaje_Practica\vendor\laravel\framework\src\Illuminate\Foundation\Testing\Concerns\InteractsWithConsole.php:87
C:\xampp\htdocs\reciclaje\Reciclaje_Practica\vendor\laravel\framework\src\Illuminate\Foundation\Testing\RefreshDatabase.php:66
C:\xampp\htdocs\reciclaje\Reciclaje_Practica\vendor\laravel\framework\src\Illuminate\Foundation\Testing\RefreshDatabase.php:25
C:\xampp\htdocs\reciclaje\Reciclaje_Practica\vendor\laravel\framework\src\Illuminate\Foundation\Testing\Concerns\InteractsWithTestCaseLifecycle.php:197
C:\xampp\htdocs\reciclaje\Reciclaje_Practica\vendor\laravel\framework\src\Illuminate\Foundation\Testing\Concerns\InteractsWithTestCaseLifecycle.php:91
C:\xampp\htdocs\reciclaje\Reciclaje_Practica\vendor\laravel\framework\src\Illuminate\Foundation\Testing\TestCase.php:44</error>
        </testcase>
        <testcase name="test_password_can_be_confirmed" file="C:\xampp\htdocs\reciclaje\Reciclaje_Practica\tests\Feature\Auth\PasswordConfirmationTest.php" line="22" class="Tests\Feature\Auth\PasswordConfirmationTest" classname="Tests.Feature.Auth.PasswordConfirmationTest" assertions="0" time="0.000000">
          <error type="Illuminate\Database\QueryException">Tests\Feature\Auth\PasswordConfirmationTest::test_password_can_be_confirmed&#13;
Illuminate\Database\QueryException: SQLSTATE[HY000] [2002] No se puede establecer una conexión ya que el equipo de destino denegó expresamente dicha conexión (Connection: mysql, SQL: select exists (select 1 from information_schema.tables where table_schema = 'reciclaje' and table_name = 'migrations' and table_type in ('BASE TABLE', 'SYSTEM VERSIONED')) as `exists`)
&#13;
C:\xampp\htdocs\reciclaje\Reciclaje_Practica\vendor\laravel\framework\src\Illuminate\Database\Connection.php:825
C:\xampp\htdocs\reciclaje\Reciclaje_Practica\vendor\laravel\framework\src\Illuminate\Database\Connection.php:779
C:\xampp\htdocs\reciclaje\Reciclaje_Practica\vendor\laravel\framework\src\Illuminate\Database\Connection.php:398
C:\xampp\htdocs\reciclaje\Reciclaje_Practica\vendor\laravel\framework\src\Illuminate\Database\Connection.php:344
C:\xampp\htdocs\reciclaje\Reciclaje_Practica\vendor\laravel\framework\src\Illuminate\Database\Connection.php:361
C:\xampp\htdocs\reciclaje\Reciclaje_Practica\vendor\laravel\framework\src\Illuminate\Database\Schema\MySqlBuilder.php:45
C:\xampp\htdocs\reciclaje\Reciclaje_Practica\vendor\laravel\framework\src\Illuminate\Database\Migrations\DatabaseMigrationRepository.php:184
C:\xampp\htdocs\reciclaje\Reciclaje_Practica\vendor\laravel\framework\src\Illuminate\Database\Migrations\Migrator.php:680
C:\xampp\htdocs\reciclaje\Reciclaje_Practica\vendor\laravel\framework\src\Illuminate\Database\Console\Migrations\FreshCommand.php:68
C:\xampp\htdocs\reciclaje\Reciclaje_Practica\vendor\laravel\framework\src\Illuminate\Database\Migrations\Migrator.php:615
C:\xampp\htdocs\reciclaje\Reciclaje_Practica\vendor\laravel\framework\src\Illuminate\Database\Console\Migrations\FreshCommand.php:67
C:\xampp\htdocs\reciclaje\Reciclaje_Practica\vendor\laravel\framework\src\Illuminate\Container\BoundMethod.php:36
C:\xampp\htdocs\reciclaje\Reciclaje_Practica\vendor\laravel\framework\src\Illuminate\Container\Util.php:43
C:\xampp\htdocs\reciclaje\Reciclaje_Practica\vendor\laravel\framework\src\Illuminate\Container\BoundMethod.php:95
C:\xampp\htdocs\reciclaje\Reciclaje_Practica\vendor\laravel\framework\src\Illuminate\Container\BoundMethod.php:35
C:\xampp\htdocs\reciclaje\Reciclaje_Practica\vendor\laravel\framework\src\Illuminate\Container\Container.php:690
C:\xampp\htdocs\reciclaje\Reciclaje_Practica\vendor\laravel\framework\src\Illuminate\Console\Command.php:213
C:\xampp\htdocs\reciclaje\Reciclaje_Practica\vendor\symfony\console\Command\Command.php:279
C:\xampp\htdocs\reciclaje\Reciclaje_Practica\vendor\laravel\framework\src\Illuminate\Console\Command.php:182
C:\xampp\htdocs\reciclaje\Reciclaje_Practica\vendor\symfony\console\Application.php:1029
C:\xampp\htdocs\reciclaje\Reciclaje_Practica\vendor\symfony\console\Application.php:316
C:\xampp\htdocs\reciclaje\Reciclaje_Practica\vendor\symfony\console\Application.php:167
C:\xampp\htdocs\reciclaje\Reciclaje_Practica\vendor\laravel\framework\src\Illuminate\Console\Application.php:163
C:\xampp\htdocs\reciclaje\Reciclaje_Practica\vendor\laravel\framework\src\Illuminate\Foundation\Console\Kernel.php:426
C:\xampp\htdocs\reciclaje\Reciclaje_Practica\vendor\laravel\framework\src\Illuminate\Testing\PendingCommand.php:331
C:\xampp\htdocs\reciclaje\Reciclaje_Practica\vendor\laravel\framework\src\Illuminate\Testing\PendingCommand.php:532
C:\xampp\htdocs\reciclaje\Reciclaje_Practica\vendor\laravel\framework\src\Illuminate\Foundation\Testing\Concerns\InteractsWithConsole.php:87
C:\xampp\htdocs\reciclaje\Reciclaje_Practica\vendor\laravel\framework\src\Illuminate\Foundation\Testing\RefreshDatabase.php:66
C:\xampp\htdocs\reciclaje\Reciclaje_Practica\vendor\laravel\framework\src\Illuminate\Foundation\Testing\RefreshDatabase.php:25
C:\xampp\htdocs\reciclaje\Reciclaje_Practica\vendor\laravel\framework\src\Illuminate\Foundation\Testing\Concerns\InteractsWithTestCaseLifecycle.php:197
C:\xampp\htdocs\reciclaje\Reciclaje_Practica\vendor\laravel\framework\src\Illuminate\Foundation\Testing\Concerns\InteractsWithTestCaseLifecycle.php:91
C:\xampp\htdocs\reciclaje\Reciclaje_Practica\vendor\laravel\framework\src\Illuminate\Foundation\Testing\TestCase.php:44</error>
        </testcase>
        <testcase name="test_password_is_not_confirmed_with_invalid_password" file="C:\xampp\htdocs\reciclaje\Reciclaje_Practica\tests\Feature\Auth\PasswordConfirmationTest.php" line="34" class="Tests\Feature\Auth\PasswordConfirmationTest" classname="Tests.Feature.Auth.PasswordConfirmationTest" assertions="0" time="0.000000">
          <error type="Illuminate\Database\QueryException">Tests\Feature\Auth\PasswordConfirmationTest::test_password_is_not_confirmed_with_invalid_password&#13;
Illuminate\Database\QueryException: SQLSTATE[HY000] [2002] No se puede establecer una conexión ya que el equipo de destino denegó expresamente dicha conexión (Connection: mysql, SQL: select exists (select 1 from information_schema.tables where table_schema = 'reciclaje' and table_name = 'migrations' and table_type in ('BASE TABLE', 'SYSTEM VERSIONED')) as `exists`)
&#13;
C:\xampp\htdocs\reciclaje\Reciclaje_Practica\vendor\laravel\framework\src\Illuminate\Database\Connection.php:825
C:\xampp\htdocs\reciclaje\Reciclaje_Practica\vendor\laravel\framework\src\Illuminate\Database\Connection.php:779
C:\xampp\htdocs\reciclaje\Reciclaje_Practica\vendor\laravel\framework\src\Illuminate\Database\Connection.php:398
C:\xampp\htdocs\reciclaje\Reciclaje_Practica\vendor\laravel\framework\src\Illuminate\Database\Connection.php:344
C:\xampp\htdocs\reciclaje\Reciclaje_Practica\vendor\laravel\framework\src\Illuminate\Database\Connection.php:361
C:\xampp\htdocs\reciclaje\Reciclaje_Practica\vendor\laravel\framework\src\Illuminate\Database\Schema\MySqlBuilder.php:45
C:\xampp\htdocs\reciclaje\Reciclaje_Practica\vendor\laravel\framework\src\Illuminate\Database\Migrations\DatabaseMigrationRepository.php:184
C:\xampp\htdocs\reciclaje\Reciclaje_Practica\vendor\laravel\framework\src\Illuminate\Database\Migrations\Migrator.php:680
C:\xampp\htdocs\reciclaje\Reciclaje_Practica\vendor\laravel\framework\src\Illuminate\Database\Console\Migrations\FreshCommand.php:68
C:\xampp\htdocs\reciclaje\Reciclaje_Practica\vendor\laravel\framework\src\Illuminate\Database\Migrations\Migrator.php:615
C:\xampp\htdocs\reciclaje\Reciclaje_Practica\vendor\laravel\framework\src\Illuminate\Database\Console\Migrations\FreshCommand.php:67
C:\xampp\htdocs\reciclaje\Reciclaje_Practica\vendor\laravel\framework\src\Illuminate\Container\BoundMethod.php:36
C:\xampp\htdocs\reciclaje\Reciclaje_Practica\vendor\laravel\framework\src\Illuminate\Container\Util.php:43
C:\xampp\htdocs\reciclaje\Reciclaje_Practica\vendor\laravel\framework\src\Illuminate\Container\BoundMethod.php:95
C:\xampp\htdocs\reciclaje\Reciclaje_Practica\vendor\laravel\framework\src\Illuminate\Container\BoundMethod.php:35
C:\xampp\htdocs\reciclaje\Reciclaje_Practica\vendor\laravel\framework\src\Illuminate\Container\Container.php:690
C:\xampp\htdocs\reciclaje\Reciclaje_Practica\vendor\laravel\framework\src\Illuminate\Console\Command.php:213
C:\xampp\htdocs\reciclaje\Reciclaje_Practica\vendor\symfony\console\Command\Command.php:279
C:\xampp\htdocs\reciclaje\Reciclaje_Practica\vendor\laravel\framework\src\Illuminate\Console\Command.php:182
C:\xampp\htdocs\reciclaje\Reciclaje_Practica\vendor\symfony\console\Application.php:1029
C:\xampp\htdocs\reciclaje\Reciclaje_Practica\vendor\symfony\console\Application.php:316
C:\xampp\htdocs\reciclaje\Reciclaje_Practica\vendor\symfony\console\Application.php:167
C:\xampp\htdocs\reciclaje\Reciclaje_Practica\vendor\laravel\framework\src\Illuminate\Console\Application.php:163
C:\xampp\htdocs\reciclaje\Reciclaje_Practica\vendor\laravel\framework\src\Illuminate\Foundation\Console\Kernel.php:426
C:\xampp\htdocs\reciclaje\Reciclaje_Practica\vendor\laravel\framework\src\Illuminate\Testing\PendingCommand.php:331
C:\xampp\htdocs\reciclaje\Reciclaje_Practica\vendor\laravel\framework\src\Illuminate\Testing\PendingCommand.php:532
C:\xampp\htdocs\reciclaje\Reciclaje_Practica\vendor\laravel\framework\src\Illuminate\Foundation\Testing\Concerns\InteractsWithConsole.php:87
C:\xampp\htdocs\reciclaje\Reciclaje_Practica\vendor\laravel\framework\src\Illuminate\Foundation\Testing\RefreshDatabase.php:66
C:\xampp\htdocs\reciclaje\Reciclaje_Practica\vendor\laravel\framework\src\Illuminate\Foundation\Testing\RefreshDatabase.php:25
C:\xampp\htdocs\reciclaje\Reciclaje_Practica\vendor\laravel\framework\src\Illuminate\Foundation\Testing\Concerns\InteractsWithTestCaseLifecycle.php:197
C:\xampp\htdocs\reciclaje\Reciclaje_Practica\vendor\laravel\framework\src\Illuminate\Foundation\Testing\Concerns\InteractsWithTestCaseLifecycle.php:91
C:\xampp\htdocs\reciclaje\Reciclaje_Practica\vendor\laravel\framework\src\Illuminate\Foundation\Testing\TestCase.php:44</error>
        </testcase>
      </testsuite>
      <testsuite name="Tests\Feature\Auth\PasswordResetTest" file="C:\xampp\htdocs\reciclaje\Reciclaje_Practica\tests\Feature\Auth\PasswordResetTest.php" tests="4" assertions="0" errors="4" failures="0" skipped="0" time="0.000000">
        <testcase name="test_reset_password_link_screen_can_be_rendered" file="C:\xampp\htdocs\reciclaje\Reciclaje_Practica\tests\Feature\Auth\PasswordResetTest.php" line="15" class="Tests\Feature\Auth\PasswordResetTest" classname="Tests.Feature.Auth.PasswordResetTest" assertions="0" time="0.000000">
          <error type="Illuminate\Database\QueryException">Tests\Feature\Auth\PasswordResetTest::test_reset_password_link_screen_can_be_rendered&#13;
Illuminate\Database\QueryException: SQLSTATE[HY000] [2002] No se puede establecer una conexión ya que el equipo de destino denegó expresamente dicha conexión (Connection: mysql, SQL: select exists (select 1 from information_schema.tables where table_schema = 'reciclaje' and table_name = 'migrations' and table_type in ('BASE TABLE', 'SYSTEM VERSIONED')) as `exists`)
&#13;
C:\xampp\htdocs\reciclaje\Reciclaje_Practica\vendor\laravel\framework\src\Illuminate\Database\Connection.php:825
C:\xampp\htdocs\reciclaje\Reciclaje_Practica\vendor\laravel\framework\src\Illuminate\Database\Connection.php:779
C:\xampp\htdocs\reciclaje\Reciclaje_Practica\vendor\laravel\framework\src\Illuminate\Database\Connection.php:398
C:\xampp\htdocs\reciclaje\Reciclaje_Practica\vendor\laravel\framework\src\Illuminate\Database\Connection.php:344
C:\xampp\htdocs\reciclaje\Reciclaje_Practica\vendor\laravel\framework\src\Illuminate\Database\Connection.php:361
C:\xampp\htdocs\reciclaje\Reciclaje_Practica\vendor\laravel\framework\src\Illuminate\Database\Schema\MySqlBuilder.php:45
C:\xampp\htdocs\reciclaje\Reciclaje_Practica\vendor\laravel\framework\src\Illuminate\Database\Migrations\DatabaseMigrationRepository.php:184
C:\xampp\htdocs\reciclaje\Reciclaje_Practica\vendor\laravel\framework\src\Illuminate\Database\Migrations\Migrator.php:680
C:\xampp\htdocs\reciclaje\Reciclaje_Practica\vendor\laravel\framework\src\Illuminate\Database\Console\Migrations\FreshCommand.php:68
C:\xampp\htdocs\reciclaje\Reciclaje_Practica\vendor\laravel\framework\src\Illuminate\Database\Migrations\Migrator.php:615
C:\xampp\htdocs\reciclaje\Reciclaje_Practica\vendor\laravel\framework\src\Illuminate\Database\Console\Migrations\FreshCommand.php:67
C:\xampp\htdocs\reciclaje\Reciclaje_Practica\vendor\laravel\framework\src\Illuminate\Container\BoundMethod.php:36
C:\xampp\htdocs\reciclaje\Reciclaje_Practica\vendor\laravel\framework\src\Illuminate\Container\Util.php:43
C:\xampp\htdocs\reciclaje\Reciclaje_Practica\vendor\laravel\framework\src\Illuminate\Container\BoundMethod.php:95
C:\xampp\htdocs\reciclaje\Reciclaje_Practica\vendor\laravel\framework\src\Illuminate\Container\BoundMethod.php:35
C:\xampp\htdocs\reciclaje\Reciclaje_Practica\vendor\laravel\framework\src\Illuminate\Container\Container.php:690
C:\xampp\htdocs\reciclaje\Reciclaje_Practica\vendor\laravel\framework\src\Illuminate\Console\Command.php:213
C:\xampp\htdocs\reciclaje\Reciclaje_Practica\vendor\symfony\console\Command\Command.php:279
C:\xampp\htdocs\reciclaje\Reciclaje_Practica\vendor\laravel\framework\src\Illuminate\Console\Command.php:182
C:\xampp\htdocs\reciclaje\Reciclaje_Practica\vendor\symfony\console\Application.php:1029
C:\xampp\htdocs\reciclaje\Reciclaje_Practica\vendor\symfony\console\Application.php:316
C:\xampp\htdocs\reciclaje\Reciclaje_Practica\vendor\symfony\console\Application.php:167
C:\xampp\htdocs\reciclaje\Reciclaje_Practica\vendor\laravel\framework\src\Illuminate\Console\Application.php:163
C:\xampp\htdocs\reciclaje\Reciclaje_Practica\vendor\laravel\framework\src\Illuminate\Foundation\Console\Kernel.php:426
C:\xampp\htdocs\reciclaje\Reciclaje_Practica\vendor\laravel\framework\src\Illuminate\Testing\PendingCommand.php:331
C:\xampp\htdocs\reciclaje\Reciclaje_Practica\vendor\laravel\framework\src\Illuminate\Testing\PendingCommand.php:532
C:\xampp\htdocs\reciclaje\Reciclaje_Practica\vendor\laravel\framework\src\Illuminate\Foundation\Testing\Concerns\InteractsWithConsole.php:87
C:\xampp\htdocs\reciclaje\Reciclaje_Practica\vendor\laravel\framework\src\Illuminate\Foundation\Testing\RefreshDatabase.php:66
C:\xampp\htdocs\reciclaje\Reciclaje_Practica\vendor\laravel\framework\src\Illuminate\Foundation\Testing\RefreshDatabase.php:25
C:\xampp\htdocs\reciclaje\Reciclaje_Practica\vendor\laravel\framework\src\Illuminate\Foundation\Testing\Concerns\InteractsWithTestCaseLifecycle.php:197
C:\xampp\htdocs\reciclaje\Reciclaje_Practica\vendor\laravel\framework\src\Illuminate\Foundation\Testing\Concerns\InteractsWithTestCaseLifecycle.php:91
C:\xampp\htdocs\reciclaje\Reciclaje_Practica\vendor\laravel\framework\src\Illuminate\Foundation\Testing\TestCase.php:44</error>
        </testcase>
        <testcase name="test_reset_password_link_can_be_requested" file="C:\xampp\htdocs\reciclaje\Reciclaje_Practica\tests\Feature\Auth\PasswordResetTest.php" line="22" class="Tests\Feature\Auth\PasswordResetTest" classname="Tests.Feature.Auth.PasswordResetTest" assertions="0" time="0.000000">
          <error type="Illuminate\Database\QueryException">Tests\Feature\Auth\PasswordResetTest::test_reset_password_link_can_be_requested&#13;
Illuminate\Database\QueryException: SQLSTATE[HY000] [2002] No se puede establecer una conexión ya que el equipo de destino denegó expresamente dicha conexión (Connection: mysql, SQL: select exists (select 1 from information_schema.tables where table_schema = 'reciclaje' and table_name = 'migrations' and table_type in ('BASE TABLE', 'SYSTEM VERSIONED')) as `exists`)
&#13;
C:\xampp\htdocs\reciclaje\Reciclaje_Practica\vendor\laravel\framework\src\Illuminate\Database\Connection.php:825
C:\xampp\htdocs\reciclaje\Reciclaje_Practica\vendor\laravel\framework\src\Illuminate\Database\Connection.php:779
C:\xampp\htdocs\reciclaje\Reciclaje_Practica\vendor\laravel\framework\src\Illuminate\Database\Connection.php:398
C:\xampp\htdocs\reciclaje\Reciclaje_Practica\vendor\laravel\framework\src\Illuminate\Database\Connection.php:344
C:\xampp\htdocs\reciclaje\Reciclaje_Practica\vendor\laravel\framework\src\Illuminate\Database\Connection.php:361
C:\xampp\htdocs\reciclaje\Reciclaje_Practica\vendor\laravel\framework\src\Illuminate\Database\Schema\MySqlBuilder.php:45
C:\xampp\htdocs\reciclaje\Reciclaje_Practica\vendor\laravel\framework\src\Illuminate\Database\Migrations\DatabaseMigrationRepository.php:184
C:\xampp\htdocs\reciclaje\Reciclaje_Practica\vendor\laravel\framework\src\Illuminate\Database\Migrations\Migrator.php:680
C:\xampp\htdocs\reciclaje\Reciclaje_Practica\vendor\laravel\framework\src\Illuminate\Database\Console\Migrations\FreshCommand.php:68
C:\xampp\htdocs\reciclaje\Reciclaje_Practica\vendor\laravel\framework\src\Illuminate\Database\Migrations\Migrator.php:615
C:\xampp\htdocs\reciclaje\Reciclaje_Practica\vendor\laravel\framework\src\Illuminate\Database\Console\Migrations\FreshCommand.php:67
C:\xampp\htdocs\reciclaje\Reciclaje_Practica\vendor\laravel\framework\src\Illuminate\Container\BoundMethod.php:36
C:\xampp\htdocs\reciclaje\Reciclaje_Practica\vendor\laravel\framework\src\Illuminate\Container\Util.php:43
C:\xampp\htdocs\reciclaje\Reciclaje_Practica\vendor\laravel\framework\src\Illuminate\Container\BoundMethod.php:95
C:\xampp\htdocs\reciclaje\Reciclaje_Practica\vendor\laravel\framework\src\Illuminate\Container\BoundMethod.php:35
C:\xampp\htdocs\reciclaje\Reciclaje_Practica\vendor\laravel\framework\src\Illuminate\Container\Container.php:690
C:\xampp\htdocs\reciclaje\Reciclaje_Practica\vendor\laravel\framework\src\Illuminate\Console\Command.php:213
C:\xampp\htdocs\reciclaje\Reciclaje_Practica\vendor\symfony\console\Command\Command.php:279
C:\xampp\htdocs\reciclaje\Reciclaje_Practica\vendor\laravel\framework\src\Illuminate\Console\Command.php:182
C:\xampp\htdocs\reciclaje\Reciclaje_Practica\vendor\symfony\console\Application.php:1029
C:\xampp\htdocs\reciclaje\Reciclaje_Practica\vendor\symfony\console\Application.php:316
C:\xampp\htdocs\reciclaje\Reciclaje_Practica\vendor\symfony\console\Application.php:167
C:\xampp\htdocs\reciclaje\Reciclaje_Practica\vendor\laravel\framework\src\Illuminate\Console\Application.php:163
C:\xampp\htdocs\reciclaje\Reciclaje_Practica\vendor\laravel\framework\src\Illuminate\Foundation\Console\Kernel.php:426
C:\xampp\htdocs\reciclaje\Reciclaje_Practica\vendor\laravel\framework\src\Illuminate\Testing\PendingCommand.php:331
C:\xampp\htdocs\reciclaje\Reciclaje_Practica\vendor\laravel\framework\src\Illuminate\Testing\PendingCommand.php:532
C:\xampp\htdocs\reciclaje\Reciclaje_Practica\vendor\laravel\framework\src\Illuminate\Foundation\Testing\Concerns\InteractsWithConsole.php:87
C:\xampp\htdocs\reciclaje\Reciclaje_Practica\vendor\laravel\framework\src\Illuminate\Foundation\Testing\RefreshDatabase.php:66
C:\xampp\htdocs\reciclaje\Reciclaje_Practica\vendor\laravel\framework\src\Illuminate\Foundation\Testing\RefreshDatabase.php:25
C:\xampp\htdocs\reciclaje\Reciclaje_Practica\vendor\laravel\framework\src\Illuminate\Foundation\Testing\Concerns\InteractsWithTestCaseLifecycle.php:197
C:\xampp\htdocs\reciclaje\Reciclaje_Practica\vendor\laravel\framework\src\Illuminate\Foundation\Testing\Concerns\InteractsWithTestCaseLifecycle.php:91
C:\xampp\htdocs\reciclaje\Reciclaje_Practica\vendor\laravel\framework\src\Illuminate\Foundation\Testing\TestCase.php:44</error>
        </testcase>
        <testcase name="test_reset_password_screen_can_be_rendered" file="C:\xampp\htdocs\reciclaje\Reciclaje_Practica\tests\Feature\Auth\PasswordResetTest.php" line="33" class="Tests\Feature\Auth\PasswordResetTest" classname="Tests.Feature.Auth.PasswordResetTest" assertions="0" time="0.000000">
          <error type="Illuminate\Database\QueryException">Tests\Feature\Auth\PasswordResetTest::test_reset_password_screen_can_be_rendered&#13;
Illuminate\Database\QueryException: SQLSTATE[HY000] [2002] No se puede establecer una conexión ya que el equipo de destino denegó expresamente dicha conexión (Connection: mysql, SQL: select exists (select 1 from information_schema.tables where table_schema = 'reciclaje' and table_name = 'migrations' and table_type in ('BASE TABLE', 'SYSTEM VERSIONED')) as `exists`)
&#13;
C:\xampp\htdocs\reciclaje\Reciclaje_Practica\vendor\laravel\framework\src\Illuminate\Database\Connection.php:825
C:\xampp\htdocs\reciclaje\Reciclaje_Practica\vendor\laravel\framework\src\Illuminate\Database\Connection.php:779
C:\xampp\htdocs\reciclaje\Reciclaje_Practica\vendor\laravel\framework\src\Illuminate\Database\Connection.php:398
C:\xampp\htdocs\reciclaje\Reciclaje_Practica\vendor\laravel\framework\src\Illuminate\Database\Connection.php:344
C:\xampp\htdocs\reciclaje\Reciclaje_Practica\vendor\laravel\framework\src\Illuminate\Database\Connection.php:361
C:\xampp\htdocs\reciclaje\Reciclaje_Practica\vendor\laravel\framework\src\Illuminate\Database\Schema\MySqlBuilder.php:45
C:\xampp\htdocs\reciclaje\Reciclaje_Practica\vendor\laravel\framework\src\Illuminate\Database\Migrations\DatabaseMigrationRepository.php:184
C:\xampp\htdocs\reciclaje\Reciclaje_Practica\vendor\laravel\framework\src\Illuminate\Database\Migrations\Migrator.php:680
C:\xampp\htdocs\reciclaje\Reciclaje_Practica\vendor\laravel\framework\src\Illuminate\Database\Console\Migrations\FreshCommand.php:68
C:\xampp\htdocs\reciclaje\Reciclaje_Practica\vendor\laravel\framework\src\Illuminate\Database\Migrations\Migrator.php:615
C:\xampp\htdocs\reciclaje\Reciclaje_Practica\vendor\laravel\framework\src\Illuminate\Database\Console\Migrations\FreshCommand.php:67
C:\xampp\htdocs\reciclaje\Reciclaje_Practica\vendor\laravel\framework\src\Illuminate\Container\BoundMethod.php:36
C:\xampp\htdocs\reciclaje\Reciclaje_Practica\vendor\laravel\framework\src\Illuminate\Container\Util.php:43
C:\xampp\htdocs\reciclaje\Reciclaje_Practica\vendor\laravel\framework\src\Illuminate\Container\BoundMethod.php:95
C:\xampp\htdocs\reciclaje\Reciclaje_Practica\vendor\laravel\framework\src\Illuminate\Container\BoundMethod.php:35
C:\xampp\htdocs\reciclaje\Reciclaje_Practica\vendor\laravel\framework\src\Illuminate\Container\Container.php:690
C:\xampp\htdocs\reciclaje\Reciclaje_Practica\vendor\laravel\framework\src\Illuminate\Console\Command.php:213
C:\xampp\htdocs\reciclaje\Reciclaje_Practica\vendor\symfony\console\Command\Command.php:279
C:\xampp\htdocs\reciclaje\Reciclaje_Practica\vendor\laravel\framework\src\Illuminate\Console\Command.php:182
C:\xampp\htdocs\reciclaje\Reciclaje_Practica\vendor\symfony\console\Application.php:1029
C:\xampp\htdocs\reciclaje\Reciclaje_Practica\vendor\symfony\console\Application.php:316
C:\xampp\htdocs\reciclaje\Reciclaje_Practica\vendor\symfony\console\Application.php:167
C:\xampp\htdocs\reciclaje\Reciclaje_Practica\vendor\laravel\framework\src\Illuminate\Console\Application.php:163
C:\xampp\htdocs\reciclaje\Reciclaje_Practica\vendor\laravel\framework\src\Illuminate\Foundation\Console\Kernel.php:426
C:\xampp\htdocs\reciclaje\Reciclaje_Practica\vendor\laravel\framework\src\Illuminate\Testing\PendingCommand.php:331
C:\xampp\htdocs\reciclaje\Reciclaje_Practica\vendor\laravel\framework\src\Illuminate\Testing\PendingCommand.php:532
C:\xampp\htdocs\reciclaje\Reciclaje_Practica\vendor\laravel\framework\src\Illuminate\Foundation\Testing\Concerns\InteractsWithConsole.php:87
C:\xampp\htdocs\reciclaje\Reciclaje_Practica\vendor\laravel\framework\src\Illuminate\Foundation\Testing\RefreshDatabase.php:66
C:\xampp\htdocs\reciclaje\Reciclaje_Practica\vendor\laravel\framework\src\Illuminate\Foundation\Testing\RefreshDatabase.php:25
C:\xampp\htdocs\reciclaje\Reciclaje_Practica\vendor\laravel\framework\src\Illuminate\Foundation\Testing\Concerns\InteractsWithTestCaseLifecycle.php:197
C:\xampp\htdocs\reciclaje\Reciclaje_Practica\vendor\laravel\framework\src\Illuminate\Foundation\Testing\Concerns\InteractsWithTestCaseLifecycle.php:91
C:\xampp\htdocs\reciclaje\Reciclaje_Practica\vendor\laravel\framework\src\Illuminate\Foundation\Testing\TestCase.php:44</error>
        </testcase>
        <testcase name="test_password_can_be_reset_with_valid_token" file="C:\xampp\htdocs\reciclaje\Reciclaje_Practica\tests\Feature\Auth\PasswordResetTest.php" line="50" class="Tests\Feature\Auth\PasswordResetTest" classname="Tests.Feature.Auth.PasswordResetTest" assertions="0" time="0.000000">
          <error type="Illuminate\Database\QueryException">Tests\Feature\Auth\PasswordResetTest::test_password_can_be_reset_with_valid_token&#13;
Illuminate\Database\QueryException: SQLSTATE[HY000] [2002] No se puede establecer una conexión ya que el equipo de destino denegó expresamente dicha conexión (Connection: mysql, SQL: select exists (select 1 from information_schema.tables where table_schema = 'reciclaje' and table_name = 'migrations' and table_type in ('BASE TABLE', 'SYSTEM VERSIONED')) as `exists`)
&#13;
C:\xampp\htdocs\reciclaje\Reciclaje_Practica\vendor\laravel\framework\src\Illuminate\Database\Connection.php:825
C:\xampp\htdocs\reciclaje\Reciclaje_Practica\vendor\laravel\framework\src\Illuminate\Database\Connection.php:779
C:\xampp\htdocs\reciclaje\Reciclaje_Practica\vendor\laravel\framework\src\Illuminate\Database\Connection.php:398
C:\xampp\htdocs\reciclaje\Reciclaje_Practica\vendor\laravel\framework\src\Illuminate\Database\Connection.php:344
C:\xampp\htdocs\reciclaje\Reciclaje_Practica\vendor\laravel\framework\src\Illuminate\Database\Connection.php:361
C:\xampp\htdocs\reciclaje\Reciclaje_Practica\vendor\laravel\framework\src\Illuminate\Database\Schema\MySqlBuilder.php:45
C:\xampp\htdocs\reciclaje\Reciclaje_Practica\vendor\laravel\framework\src\Illuminate\Database\Migrations\DatabaseMigrationRepository.php:184
C:\xampp\htdocs\reciclaje\Reciclaje_Practica\vendor\laravel\framework\src\Illuminate\Database\Migrations\Migrator.php:680
C:\xampp\htdocs\reciclaje\Reciclaje_Practica\vendor\laravel\framework\src\Illuminate\Database\Console\Migrations\FreshCommand.php:68
C:\xampp\htdocs\reciclaje\Reciclaje_Practica\vendor\laravel\framework\src\Illuminate\Database\Migrations\Migrator.php:615
C:\xampp\htdocs\reciclaje\Reciclaje_Practica\vendor\laravel\framework\src\Illuminate\Database\Console\Migrations\FreshCommand.php:67
C:\xampp\htdocs\reciclaje\Reciclaje_Practica\vendor\laravel\framework\src\Illuminate\Container\BoundMethod.php:36
C:\xampp\htdocs\reciclaje\Reciclaje_Practica\vendor\laravel\framework\src\Illuminate\Container\Util.php:43
C:\xampp\htdocs\reciclaje\Reciclaje_Practica\vendor\laravel\framework\src\Illuminate\Container\BoundMethod.php:95
C:\xampp\htdocs\reciclaje\Reciclaje_Practica\vendor\laravel\framework\src\Illuminate\Container\BoundMethod.php:35
C:\xampp\htdocs\reciclaje\Reciclaje_Practica\vendor\laravel\framework\src\Illuminate\Container\Container.php:690
C:\xampp\htdocs\reciclaje\Reciclaje_Practica\vendor\laravel\framework\src\Illuminate\Console\Command.php:213
C:\xampp\htdocs\reciclaje\Reciclaje_Practica\vendor\symfony\console\Command\Command.php:279
C:\xampp\htdocs\reciclaje\Reciclaje_Practica\vendor\laravel\framework\src\Illuminate\Console\Command.php:182
C:\xampp\htdocs\reciclaje\Reciclaje_Practica\vendor\symfony\console\Application.php:1029
C:\xampp\htdocs\reciclaje\Reciclaje_Practica\vendor\symfony\console\Application.php:316
C:\xampp\htdocs\reciclaje\Reciclaje_Practica\vendor\symfony\console\Application.php:167
C:\xampp\htdocs\reciclaje\Reciclaje_Practica\vendor\laravel\framework\src\Illuminate\Console\Application.php:163
C:\xampp\htdocs\reciclaje\Reciclaje_Practica\vendor\laravel\framework\src\Illuminate\Foundation\Console\Kernel.php:426
C:\xampp\htdocs\reciclaje\Reciclaje_Practica\vendor\laravel\framework\src\Illuminate\Testing\PendingCommand.php:331
C:\xampp\htdocs\reciclaje\Reciclaje_Practica\vendor\laravel\framework\src\Illuminate\Testing\PendingCommand.php:532
C:\xampp\htdocs\reciclaje\Reciclaje_Practica\vendor\laravel\framework\src\Illuminate\Foundation\Testing\Concerns\InteractsWithConsole.php:87
C:\xampp\htdocs\reciclaje\Reciclaje_Practica\vendor\laravel\framework\src\Illuminate\Foundation\Testing\RefreshDatabase.php:66
C:\xampp\htdocs\reciclaje\Reciclaje_Practica\vendor\laravel\framework\src\Illuminate\Foundation\Testing\RefreshDatabase.php:25
C:\xampp\htdocs\reciclaje\Reciclaje_Practica\vendor\laravel\framework\src\Illuminate\Foundation\Testing\Concerns\InteractsWithTestCaseLifecycle.php:197
C:\xampp\htdocs\reciclaje\Reciclaje_Practica\vendor\laravel\framework\src\Illuminate\Foundation\Testing\Concerns\InteractsWithTestCaseLifecycle.php:91
C:\xampp\htdocs\reciclaje\Reciclaje_Practica\vendor\laravel\framework\src\Illuminate\Foundation\Testing\TestCase.php:44</error>
        </testcase>
      </testsuite>
      <testsuite name="Tests\Feature\Auth\PasswordUpdateTest" file="C:\xampp\htdocs\reciclaje\Reciclaje_Practica\tests\Feature\Auth\PasswordUpdateTest.php" tests="2" assertions="0" errors="2" failures="0" skipped="0" time="0.000000">
        <testcase name="test_password_can_be_updated" file="C:\xampp\htdocs\reciclaje\Reciclaje_Practica\tests\Feature\Auth\PasswordUpdateTest.php" line="14" class="Tests\Feature\Auth\PasswordUpdateTest" classname="Tests.Feature.Auth.PasswordUpdateTest" assertions="0" time="0.000000">
          <error type="Illuminate\Database\QueryException">Tests\Feature\Auth\PasswordUpdateTest::test_password_can_be_updated&#13;
Illuminate\Database\QueryException: SQLSTATE[HY000] [2002] No se puede establecer una conexión ya que el equipo de destino denegó expresamente dicha conexión (Connection: mysql, SQL: select exists (select 1 from information_schema.tables where table_schema = 'reciclaje' and table_name = 'migrations' and table_type in ('BASE TABLE', 'SYSTEM VERSIONED')) as `exists`)
&#13;
C:\xampp\htdocs\reciclaje\Reciclaje_Practica\vendor\laravel\framework\src\Illuminate\Database\Connection.php:825
C:\xampp\htdocs\reciclaje\Reciclaje_Practica\vendor\laravel\framework\src\Illuminate\Database\Connection.php:779
C:\xampp\htdocs\reciclaje\Reciclaje_Practica\vendor\laravel\framework\src\Illuminate\Database\Connection.php:398
C:\xampp\htdocs\reciclaje\Reciclaje_Practica\vendor\laravel\framework\src\Illuminate\Database\Connection.php:344
C:\xampp\htdocs\reciclaje\Reciclaje_Practica\vendor\laravel\framework\src\Illuminate\Database\Connection.php:361
C:\xampp\htdocs\reciclaje\Reciclaje_Practica\vendor\laravel\framework\src\Illuminate\Database\Schema\MySqlBuilder.php:45
C:\xampp\htdocs\reciclaje\Reciclaje_Practica\vendor\laravel\framework\src\Illuminate\Database\Migrations\DatabaseMigrationRepository.php:184
C:\xampp\htdocs\reciclaje\Reciclaje_Practica\vendor\laravel\framework\src\Illuminate\Database\Migrations\Migrator.php:680
C:\xampp\htdocs\reciclaje\Reciclaje_Practica\vendor\laravel\framework\src\Illuminate\Database\Console\Migrations\FreshCommand.php:68
C:\xampp\htdocs\reciclaje\Reciclaje_Practica\vendor\laravel\framework\src\Illuminate\Database\Migrations\Migrator.php:615
C:\xampp\htdocs\reciclaje\Reciclaje_Practica\vendor\laravel\framework\src\Illuminate\Database\Console\Migrations\FreshCommand.php:67
C:\xampp\htdocs\reciclaje\Reciclaje_Practica\vendor\laravel\framework\src\Illuminate\Container\BoundMethod.php:36
C:\xampp\htdocs\reciclaje\Reciclaje_Practica\vendor\laravel\framework\src\Illuminate\Container\Util.php:43
C:\xampp\htdocs\reciclaje\Reciclaje_Practica\vendor\laravel\framework\src\Illuminate\Container\BoundMethod.php:95
C:\xampp\htdocs\reciclaje\Reciclaje_Practica\vendor\laravel\framework\src\Illuminate\Container\BoundMethod.php:35
C:\xampp\htdocs\reciclaje\Reciclaje_Practica\vendor\laravel\framework\src\Illuminate\Container\Container.php:690
C:\xampp\htdocs\reciclaje\Reciclaje_Practica\vendor\laravel\framework\src\Illuminate\Console\Command.php:213
C:\xampp\htdocs\reciclaje\Reciclaje_Practica\vendor\symfony\console\Command\Command.php:279
C:\xampp\htdocs\reciclaje\Reciclaje_Practica\vendor\laravel\framework\src\Illuminate\Console\Command.php:182
C:\xampp\htdocs\reciclaje\Reciclaje_Practica\vendor\symfony\console\Application.php:1029
C:\xampp\htdocs\reciclaje\Reciclaje_Practica\vendor\symfony\console\Application.php:316
C:\xampp\htdocs\reciclaje\Reciclaje_Practica\vendor\symfony\console\Application.php:167
C:\xampp\htdocs\reciclaje\Reciclaje_Practica\vendor\laravel\framework\src\Illuminate\Console\Application.php:163
C:\xampp\htdocs\reciclaje\Reciclaje_Practica\vendor\laravel\framework\src\Illuminate\Foundation\Console\Kernel.php:426
C:\xampp\htdocs\reciclaje\Reciclaje_Practica\vendor\laravel\framework\src\Illuminate\Testing\PendingCommand.php:331
C:\xampp\htdocs\reciclaje\Reciclaje_Practica\vendor\laravel\framework\src\Illuminate\Testing\PendingCommand.php:532
C:\xampp\htdocs\reciclaje\Reciclaje_Practica\vendor\laravel\framework\src\Illuminate\Foundation\Testing\Concerns\InteractsWithConsole.php:87
C:\xampp\htdocs\reciclaje\Reciclaje_Practica\vendor\laravel\framework\src\Illuminate\Foundation\Testing\RefreshDatabase.php:66
C:\xampp\htdocs\reciclaje\Reciclaje_Practica\vendor\laravel\framework\src\Illuminate\Foundation\Testing\RefreshDatabase.php:25
C:\xampp\htdocs\reciclaje\Reciclaje_Practica\vendor\laravel\framework\src\Illuminate\Foundation\Testing\Concerns\InteractsWithTestCaseLifecycle.php:197
C:\xampp\htdocs\reciclaje\Reciclaje_Practica\vendor\laravel\framework\src\Illuminate\Foundation\Testing\Concerns\InteractsWithTestCaseLifecycle.php:91
C:\xampp\htdocs\reciclaje\Reciclaje_Practica\vendor\laravel\framework\src\Illuminate\Foundation\Testing\TestCase.php:44</error>
        </testcase>
        <testcase name="test_correct_password_must_be_provided_to_update_password" file="C:\xampp\htdocs\reciclaje\Reciclaje_Practica\tests\Feature\Auth\PasswordUpdateTest.php" line="34" class="Tests\Feature\Auth\PasswordUpdateTest" classname="Tests.Feature.Auth.PasswordUpdateTest" assertions="0" time="0.000000">
          <error type="Illuminate\Database\QueryException">Tests\Feature\Auth\PasswordUpdateTest::test_correct_password_must_be_provided_to_update_password&#13;
Illuminate\Database\QueryException: SQLSTATE[HY000] [2002] No se puede establecer una conexión ya que el equipo de destino denegó expresamente dicha conexión (Connection: mysql, SQL: select exists (select 1 from information_schema.tables where table_schema = 'reciclaje' and table_name = 'migrations' and table_type in ('BASE TABLE', 'SYSTEM VERSIONED')) as `exists`)
&#13;
C:\xampp\htdocs\reciclaje\Reciclaje_Practica\vendor\laravel\framework\src\Illuminate\Database\Connection.php:825
C:\xampp\htdocs\reciclaje\Reciclaje_Practica\vendor\laravel\framework\src\Illuminate\Database\Connection.php:779
C:\xampp\htdocs\reciclaje\Reciclaje_Practica\vendor\laravel\framework\src\Illuminate\Database\Connection.php:398
C:\xampp\htdocs\reciclaje\Reciclaje_Practica\vendor\laravel\framework\src\Illuminate\Database\Connection.php:344
C:\xampp\htdocs\reciclaje\Reciclaje_Practica\vendor\laravel\framework\src\Illuminate\Database\Connection.php:361
C:\xampp\htdocs\reciclaje\Reciclaje_Practica\vendor\laravel\framework\src\Illuminate\Database\Schema\MySqlBuilder.php:45
C:\xampp\htdocs\reciclaje\Reciclaje_Practica\vendor\laravel\framework\src\Illuminate\Database\Migrations\DatabaseMigrationRepository.php:184
C:\xampp\htdocs\reciclaje\Reciclaje_Practica\vendor\laravel\framework\src\Illuminate\Database\Migrations\Migrator.php:680
C:\xampp\htdocs\reciclaje\Reciclaje_Practica\vendor\laravel\framework\src\Illuminate\Database\Console\Migrations\FreshCommand.php:68
C:\xampp\htdocs\reciclaje\Reciclaje_Practica\vendor\laravel\framework\src\Illuminate\Database\Migrations\Migrator.php:615
C:\xampp\htdocs\reciclaje\Reciclaje_Practica\vendor\laravel\framework\src\Illuminate\Database\Console\Migrations\FreshCommand.php:67
C:\xampp\htdocs\reciclaje\Reciclaje_Practica\vendor\laravel\framework\src\Illuminate\Container\BoundMethod.php:36
C:\xampp\htdocs\reciclaje\Reciclaje_Practica\vendor\laravel\framework\src\Illuminate\Container\Util.php:43
C:\xampp\htdocs\reciclaje\Reciclaje_Practica\vendor\laravel\framework\src\Illuminate\Container\BoundMethod.php:95
C:\xampp\htdocs\reciclaje\Reciclaje_Practica\vendor\laravel\framework\src\Illuminate\Container\BoundMethod.php:35
C:\xampp\htdocs\reciclaje\Reciclaje_Practica\vendor\laravel\framework\src\Illuminate\Container\Container.php:690
C:\xampp\htdocs\reciclaje\Reciclaje_Practica\vendor\laravel\framework\src\Illuminate\Console\Command.php:213
C:\xampp\htdocs\reciclaje\Reciclaje_Practica\vendor\symfony\console\Command\Command.php:279
C:\xampp\htdocs\reciclaje\Reciclaje_Practica\vendor\laravel\framework\src\Illuminate\Console\Command.php:182
C:\xampp\htdocs\reciclaje\Reciclaje_Practica\vendor\symfony\console\Application.php:1029
C:\xampp\htdocs\reciclaje\Reciclaje_Practica\vendor\symfony\console\Application.php:316
C:\xampp\htdocs\reciclaje\Reciclaje_Practica\vendor\symfony\console\Application.php:167
C:\xampp\htdocs\reciclaje\Reciclaje_Practica\vendor\laravel\framework\src\Illuminate\Console\Application.php:163
C:\xampp\htdocs\reciclaje\Reciclaje_Practica\vendor\laravel\framework\src\Illuminate\Foundation\Console\Kernel.php:426
C:\xampp\htdocs\reciclaje\Reciclaje_Practica\vendor\laravel\framework\src\Illuminate\Testing\PendingCommand.php:331
C:\xampp\htdocs\reciclaje\Reciclaje_Practica\vendor\laravel\framework\src\Illuminate\Testing\PendingCommand.php:532
C:\xampp\htdocs\reciclaje\Reciclaje_Practica\vendor\laravel\framework\src\Illuminate\Foundation\Testing\Concerns\InteractsWithConsole.php:87
C:\xampp\htdocs\reciclaje\Reciclaje_Practica\vendor\laravel\framework\src\Illuminate\Foundation\Testing\RefreshDatabase.php:66
C:\xampp\htdocs\reciclaje\Reciclaje_Practica\vendor\laravel\framework\src\Illuminate\Foundation\Testing\RefreshDatabase.php:25
C:\xampp\htdocs\reciclaje\Reciclaje_Practica\vendor\laravel\framework\src\Illuminate\Foundation\Testing\Concerns\InteractsWithTestCaseLifecycle.php:197
C:\xampp\htdocs\reciclaje\Reciclaje_Practica\vendor\laravel\framework\src\Illuminate\Foundation\Testing\Concerns\InteractsWithTestCaseLifecycle.php:91
C:\xampp\htdocs\reciclaje\Reciclaje_Practica\vendor\laravel\framework\src\Illuminate\Foundation\Testing\TestCase.php:44</error>
        </testcase>
      </testsuite>
      <testsuite name="Tests\Feature\Auth\RegistrationTest" file="C:\xampp\htdocs\reciclaje\Reciclaje_Practica\tests\Feature\Auth\RegistrationTest.php" tests="2" assertions="0" errors="2" failures="0" skipped="0" time="0.000000">
        <testcase name="test_registration_screen_can_be_rendered" file="C:\xampp\htdocs\reciclaje\Reciclaje_Practica\tests\Feature\Auth\RegistrationTest.php" line="12" class="Tests\Feature\Auth\RegistrationTest" classname="Tests.Feature.Auth.RegistrationTest" assertions="0" time="0.000000">
          <error type="Illuminate\Database\QueryException">Tests\Feature\Auth\RegistrationTest::test_registration_screen_can_be_rendered&#13;
Illuminate\Database\QueryException: SQLSTATE[HY000] [2002] No se puede establecer una conexión ya que el equipo de destino denegó expresamente dicha conexión (Connection: mysql, SQL: select exists (select 1 from information_schema.tables where table_schema = 'reciclaje' and table_name = 'migrations' and table_type in ('BASE TABLE', 'SYSTEM VERSIONED')) as `exists`)
&#13;
C:\xampp\htdocs\reciclaje\Reciclaje_Practica\vendor\laravel\framework\src\Illuminate\Database\Connection.php:825
C:\xampp\htdocs\reciclaje\Reciclaje_Practica\vendor\laravel\framework\src\Illuminate\Database\Connection.php:779
C:\xampp\htdocs\reciclaje\Reciclaje_Practica\vendor\laravel\framework\src\Illuminate\Database\Connection.php:398
C:\xampp\htdocs\reciclaje\Reciclaje_Practica\vendor\laravel\framework\src\Illuminate\Database\Connection.php:344
C:\xampp\htdocs\reciclaje\Reciclaje_Practica\vendor\laravel\framework\src\Illuminate\Database\Connection.php:361
C:\xampp\htdocs\reciclaje\Reciclaje_Practica\vendor\laravel\framework\src\Illuminate\Database\Schema\MySqlBuilder.php:45
C:\xampp\htdocs\reciclaje\Reciclaje_Practica\vendor\laravel\framework\src\Illuminate\Database\Migrations\DatabaseMigrationRepository.php:184
C:\xampp\htdocs\reciclaje\Reciclaje_Practica\vendor\laravel\framework\src\Illuminate\Database\Migrations\Migrator.php:680
C:\xampp\htdocs\reciclaje\Reciclaje_Practica\vendor\laravel\framework\src\Illuminate\Database\Console\Migrations\FreshCommand.php:68
C:\xampp\htdocs\reciclaje\Reciclaje_Practica\vendor\laravel\framework\src\Illuminate\Database\Migrations\Migrator.php:615
C:\xampp\htdocs\reciclaje\Reciclaje_Practica\vendor\laravel\framework\src\Illuminate\Database\Console\Migrations\FreshCommand.php:67
C:\xampp\htdocs\reciclaje\Reciclaje_Practica\vendor\laravel\framework\src\Illuminate\Container\BoundMethod.php:36
C:\xampp\htdocs\reciclaje\Reciclaje_Practica\vendor\laravel\framework\src\Illuminate\Container\Util.php:43
C:\xampp\htdocs\reciclaje\Reciclaje_Practica\vendor\laravel\framework\src\Illuminate\Container\BoundMethod.php:95
C:\xampp\htdocs\reciclaje\Reciclaje_Practica\vendor\laravel\framework\src\Illuminate\Container\BoundMethod.php:35
C:\xampp\htdocs\reciclaje\Reciclaje_Practica\vendor\laravel\framework\src\Illuminate\Container\Container.php:690
C:\xampp\htdocs\reciclaje\Reciclaje_Practica\vendor\laravel\framework\src\Illuminate\Console\Command.php:213
C:\xampp\htdocs\reciclaje\Reciclaje_Practica\vendor\symfony\console\Command\Command.php:279
C:\xampp\htdocs\reciclaje\Reciclaje_Practica\vendor\laravel\framework\src\Illuminate\Console\Command.php:182
C:\xampp\htdocs\reciclaje\Reciclaje_Practica\vendor\symfony\console\Application.php:1029
C:\xampp\htdocs\reciclaje\Reciclaje_Practica\vendor\symfony\console\Application.php:316
C:\xampp\htdocs\reciclaje\Reciclaje_Practica\vendor\symfony\console\Application.php:167
C:\xampp\htdocs\reciclaje\Reciclaje_Practica\vendor\laravel\framework\src\Illuminate\Console\Application.php:163
C:\xampp\htdocs\reciclaje\Reciclaje_Practica\vendor\laravel\framework\src\Illuminate\Foundation\Console\Kernel.php:426
C:\xampp\htdocs\reciclaje\Reciclaje_Practica\vendor\laravel\framework\src\Illuminate\Testing\PendingCommand.php:331
C:\xampp\htdocs\reciclaje\Reciclaje_Practica\vendor\laravel\framework\src\Illuminate\Testing\PendingCommand.php:532
[...]
C:\xampp\htdocs\reciclaje\Reciclaje_Practica\vendor\symfony\console\Application.php:1029
C:\xampp\htdocs\reciclaje\Reciclaje_Practica\vendor\symfony\console\Application.php:316
C:\xampp\htdocs\reciclaje\Reciclaje_Practica\vendor\symfony\console\Application.php:167
C:\xampp\htdocs\reciclaje\Reciclaje_Practica\vendor\laravel\framework\src\Illuminate\Console\Application.php:163
C:\xampp\htdocs\reciclaje\Reciclaje_Practica\vendor\laravel\framework\src\Illuminate\Foundation\Console\Kernel.php:426
C:\xampp\htdocs\reciclaje\Reciclaje_Practica\vendor\laravel\framework\src\Illuminate\Testing\PendingCommand.php:331
C:\xampp\htdocs\reciclaje\Reciclaje_Practica\vendor\laravel\framework\src\Illuminate\Testing\PendingCommand.php:532
C:\xampp\htdocs\reciclaje\Reciclaje_Practica\vendor\laravel\framework\src\Illuminate\Foundation\Testing\Concerns\InteractsWithConsole.php:87
C:\xampp\htdocs\reciclaje\Reciclaje_Practica\vendor\laravel\framework\src\Illuminate\Foundation\Testing\RefreshDatabase.php:66
C:\xampp\htdocs\reciclaje\Reciclaje_Practica\vendor\laravel\framework\src\Illuminate\Foundation\Testing\RefreshDatabase.php:25
C:\xampp\htdocs\reciclaje\Reciclaje_Practica\vendor\laravel\framework\src\Illuminate\Foundation\Testing\Concerns\InteractsWithTestCaseLifecycle.php:197
C:\xampp\htdocs\reciclaje\Reciclaje_Practica\vendor\laravel\framework\src\Illuminate\Foundation\Testing\Concerns\InteractsWithTestCaseLifecycle.php:91
C:\xampp\htdocs\reciclaje\Reciclaje_Practica\vendor\laravel\framework\src\Illuminate\Foundation\Testing\TestCase.php:44</error>
        </testcase>
        <testcase name="test_profile_information_can_be_updated" file="C:\xampp\htdocs\reciclaje\Reciclaje_Practica\tests\Feature\ProfileTest.php" line="24" class="Tests\Feature\ProfileTest" classname="Tests.Feature.ProfileTest" assertions="0" time="0.000000">
          <error type="Illuminate\Database\QueryException">Tests\Feature\ProfileTest::test_profile_information_can_be_updated&#13;
Illuminate\Database\QueryException: SQLSTATE[HY000] [2002] No se puede establecer una conexión ya que el equipo de destino denegó expresamente dicha conexión (Connection: mysql, SQL: select exists (select 1 from information_schema.tables where table_schema = 'reciclaje' and table_name = 'migrations' and table_type in ('BASE TABLE', 'SYSTEM VERSIONED')) as `exists`)
&#13;
C:\xampp\htdocs\reciclaje\Reciclaje_Practica\vendor\laravel\framework\src\Illuminate\Database\Connection.php:825
C:\xampp\htdocs\reciclaje\Reciclaje_Practica\vendor\laravel\framework\src\Illuminate\Database\Connection.php:779
C:\xampp\htdocs\reciclaje\Reciclaje_Practica\vendor\laravel\framework\src\Illuminate\Database\Connection.php:398
C:\xampp\htdocs\reciclaje\Reciclaje_Practica\vendor\laravel\framework\src\Illuminate\Database\Connection.php:344
C:\xampp\htdocs\reciclaje\Reciclaje_Practica\vendor\laravel\framework\src\Illuminate\Database\Connection.php:361
C:\xampp\htdocs\reciclaje\Reciclaje_Practica\vendor\laravel\framework\src\Illuminate\Database\Schema\MySqlBuilder.php:45
C:\xampp\htdocs\reciclaje\Reciclaje_Practica\vendor\laravel\framework\src\Illuminate\Database\Migrations\DatabaseMigrationRepository.php:184
C:\xampp\htdocs\reciclaje\Reciclaje_Practica\vendor\laravel\framework\src\Illuminate\Database\Migrations\Migrator.php:680
C:\xampp\htdocs\reciclaje\Reciclaje_Practica\vendor\laravel\framework\src\Illuminate\Database\Console\Migrations\FreshCommand.php:68
C:\xampp\htdocs\reciclaje\Reciclaje_Practica\vendor\laravel\framework\src\Illuminate\Database\Migrations\Migrator.php:615
C:\xampp\htdocs\reciclaje\Reciclaje_Practica\vendor\laravel\framework\src\Illuminate\Database\Console\Migrations\FreshCommand.php:67
C:\xampp\htdocs\reciclaje\Reciclaje_Practica\vendor\laravel\framework\src\Illuminate\Container\BoundMethod.php:36
C:\xampp\htdocs\reciclaje\Reciclaje_Practica\vendor\laravel\framework\src\Illuminate\Container\Util.php:43
C:\xampp\htdocs\reciclaje\Reciclaje_Practica\vendor\laravel\framework\src\Illuminate\Container\BoundMethod.php:95
C:\xampp\htdocs\reciclaje\Reciclaje_Practica\vendor\laravel\framework\src\Illuminate\Container\BoundMethod.php:35
C:\xampp\htdocs\reciclaje\Reciclaje_Practica\vendor\laravel\framework\src\Illuminate\Container\Container.php:690
C:\xampp\htdocs\reciclaje\Reciclaje_Practica\vendor\laravel\framework\src\Illuminate\Console\Command.php:213
C:\xampp\htdocs\reciclaje\Reciclaje_Practica\vendor\symfony\console\Command\Command.php:279
C:\xampp\htdocs\reciclaje\Reciclaje_Practica\vendor\laravel\framework\src\Illuminate\Console\Command.php:182
C:\xampp\htdocs\reciclaje\Reciclaje_Practica\vendor\symfony\console\Application.php:1029
C:\xampp\htdocs\reciclaje\Reciclaje_Practica\vendor\symfony\console\Application.php:316
C:\xampp\htdocs\reciclaje\Reciclaje_Practica\vendor\symfony\console\Application.php:167
C:\xampp\htdocs\reciclaje\Reciclaje_Practica\vendor\laravel\framework\src\Illuminate\Console\Application.php:163
C:\xampp\htdocs\reciclaje\Reciclaje_Practica\vendor\laravel\framework\src\Illuminate\Foundation\Console\Kernel.php:426
C:\xampp\htdocs\reciclaje\Reciclaje_Practica\vendor\laravel\framework\src\Illuminate\Testing\PendingCommand.php:331
C:\xampp\htdocs\reciclaje\Reciclaje_Practica\vendor\laravel\framework\src\Illuminate\Testing\PendingCommand.php:532
C:\xampp\htdocs\reciclaje\Reciclaje_Practica\vendor\laravel\framework\src\Illuminate\Foundation\Testing\Concerns\InteractsWithConsole.php:87
C:\xampp\htdocs\reciclaje\Reciclaje_Practica\vendor\laravel\framework\src\Illuminate\Foundation\Testing\RefreshDatabase.php:66
C:\xampp\htdocs\reciclaje\Reciclaje_Practica\vendor\laravel\framework\src\Illuminate\Foundation\Testing\RefreshDatabase.php:25
C:\xampp\htdocs\reciclaje\Reciclaje_Practica\vendor\laravel\framework\src\Illuminate\Foundation\Testing\Concerns\InteractsWithTestCaseLifecycle.php:197
C:\xampp\htdocs\reciclaje\Reciclaje_Practica\vendor\laravel\framework\src\Illuminate\Foundation\Testing\Concerns\InteractsWithTestCaseLifecycle.php:91
C:\xampp\htdocs\reciclaje\Reciclaje_Practica\vendor\laravel\framework\src\Illuminate\Foundation\Testing\TestCase.php:44</error>
        </testcase>
        <testcase name="test_email_verification_status_is_unchanged_when_the_email_address_is_unchanged" file="C:\xampp\htdocs\reciclaje\Reciclaje_Practica\tests\Feature\ProfileTest.php" line="46" class="Tests\Feature\ProfileTest" classname="Tests.Feature.ProfileTest" assertions="0" time="0.000000">
          <error type="Illuminate\Database\QueryException">Tests\Feature\ProfileTest::test_email_verification_status_is_unchanged_when_the_email_address_is_unchanged&#13;
Illuminate\Database\QueryException: SQLSTATE[HY000] [2002] No se puede establecer una conexión ya que el equipo de destino denegó expresamente dicha conexión (Connection: mysql, SQL: select exists (select 1 from information_schema.tables where table_schema = 'reciclaje' and table_name = 'migrations' and table_type in ('BASE TABLE', 'SYSTEM VERSIONED')) as `exists`)
&#13;
C:\xampp\htdocs\reciclaje\Reciclaje_Practica\vendor\laravel\framework\src\Illuminate\Database\Connection.php:825
C:\xampp\htdocs\reciclaje\Reciclaje_Practica\vendor\laravel\framework\src\Illuminate\Database\Connection.php:779
C:\xampp\htdocs\reciclaje\Reciclaje_Practica\vendor\laravel\framework\src\Illuminate\Database\Connection.php:398
C:\xampp\htdocs\reciclaje\Reciclaje_Practica\vendor\laravel\framework\src\Illuminate\Database\Connection.php:344
C:\xampp\htdocs\reciclaje\Reciclaje_Practica\vendor\laravel\framework\src\Illuminate\Database\Connection.php:361
C:\xampp\htdocs\reciclaje\Reciclaje_Practica\vendor\laravel\framework\src\Illuminate\Database\Schema\MySqlBuilder.php:45
C:\xampp\htdocs\reciclaje\Reciclaje_Practica\vendor\laravel\framework\src\Illuminate\Database\Migrations\DatabaseMigrationRepository.php:184
C:\xampp\htdocs\reciclaje\Reciclaje_Practica\vendor\laravel\framework\src\Illuminate\Database\Migrations\Migrator.php:680
C:\xampp\htdocs\reciclaje\Reciclaje_Practica\vendor\laravel\framework\src\Illuminate\Database\Console\Migrations\FreshCommand.php:68
C:\xampp\htdocs\reciclaje\Reciclaje_Practica\vendor\laravel\framework\src\Illuminate\Database\Migrations\Migrator.php:615
C:\xampp\htdocs\reciclaje\Reciclaje_Practica\vendor\laravel\framework\src\Illuminate\Database\Console\Migrations\FreshCommand.php:67
C:\xampp\htdocs\reciclaje\Reciclaje_Practica\vendor\laravel\framework\src\Illuminate\Container\BoundMethod.php:36
C:\xampp\htdocs\reciclaje\Reciclaje_Practica\vendor\laravel\framework\src\Illuminate\Container\Util.php:43
C:\xampp\htdocs\reciclaje\Reciclaje_Practica\vendor\laravel\framework\src\Illuminate\Container\BoundMethod.php:95
C:\xampp\htdocs\reciclaje\Reciclaje_Practica\vendor\laravel\framework\src\Illuminate\Container\BoundMethod.php:35
C:\xampp\htdocs\reciclaje\Reciclaje_Practica\vendor\laravel\framework\src\Illuminate\Container\Container.php:690
C:\xampp\htdocs\reciclaje\Reciclaje_Practica\vendor\laravel\framework\src\Illuminate\Console\Command.php:213
C:\xampp\htdocs\reciclaje\Reciclaje_Practica\vendor\symfony\console\Command\Command.php:279
C:\xampp\htdocs\reciclaje\Reciclaje_Practica\vendor\laravel\framework\src\Illuminate\Console\Command.php:182
C:\xampp\htdocs\reciclaje\Reciclaje_Practica\vendor\symfony\console\Application.php:1029
C:\xampp\htdocs\reciclaje\Reciclaje_Practica\vendor\symfony\console\Application.php:316
C:\xampp\htdocs\reciclaje\Reciclaje_Practica\vendor\symfony\console\Application.php:167
C:\xampp\htdocs\reciclaje\Reciclaje_Practica\vendor\laravel\framework\src\Illuminate\Console\Application.php:163
C:\xampp\htdocs\reciclaje\Reciclaje_Practica\vendor\laravel\framework\src\Illuminate\Foundation\Console\Kernel.php:426
C:\xampp\htdocs\reciclaje\Reciclaje_Practica\vendor\laravel\framework\src\Illuminate\Testing\PendingCommand.php:331
C:\xampp\htdocs\reciclaje\Reciclaje_Practica\vendor\laravel\framework\src\Illuminate\Testing\PendingCommand.php:532
C:\xampp\htdocs\reciclaje\Reciclaje_Practica\vendor\laravel\framework\src\Illuminate\Foundation\Testing\Concerns\InteractsWithConsole.php:87
C:\xampp\htdocs\reciclaje\Reciclaje_Practica\vendor\laravel\framework\src\Illuminate\Foundation\Testing\RefreshDatabase.php:66
C:\xampp\htdocs\reciclaje\Reciclaje_Practica\vendor\laravel\framework\src\Illuminate\Foundation\Testing\RefreshDatabase.php:25
C:\xampp\htdocs\reciclaje\Reciclaje_Practica\vendor\laravel\framework\src\Illuminate\Foundation\Testing\Concerns\InteractsWithTestCaseLifecycle.php:197
C:\xampp\htdocs\reciclaje\Reciclaje_Practica\vendor\laravel\framework\src\Illuminate\Foundation\Testing\Concerns\InteractsWithTestCaseLifecycle.php:91
C:\xampp\htdocs\reciclaje\Reciclaje_Practica\vendor\laravel\framework\src\Illuminate\Foundation\Testing\TestCase.php:44</error>
        </testcase>
        <testcase name="test_user_can_delete_their_account" file="C:\xampp\htdocs\reciclaje\Reciclaje_Practica\tests\Feature\ProfileTest.php" line="64" class="Tests\Feature\ProfileTest" classname="Tests.Feature.ProfileTest" assertions="0" time="0.000000">
          <error type="Illuminate\Database\QueryException">Tests\Feature\ProfileTest::test_user_can_delete_their_account&#13;
Illuminate\Database\QueryException: SQLSTATE[HY000] [2002] No se puede establecer una conexión ya que el equipo de destino denegó expresamente dicha conexión (Connection: mysql, SQL: select exists (select 1 from information_schema.tables where table_schema = 'reciclaje' and table_name = 'migrations' and table_type in ('BASE TABLE', 'SYSTEM VERSIONED')) as `exists`)
&#13;
C:\xampp\htdocs\reciclaje\Reciclaje_Practica\vendor\laravel\framework\src\Illuminate\Database\Connection.php:825
C:\xampp\htdocs\reciclaje\Reciclaje_Practica\vendor\laravel\framework\src\Illuminate\Database\Connection.php:779
C:\xampp\htdocs\reciclaje\Reciclaje_Practica\vendor\laravel\framework\src\Illuminate\Database\Connection.php:398
C:\xampp\htdocs\reciclaje\Reciclaje_Practica\vendor\laravel\framework\src\Illuminate\Database\Connection.php:344
C:\xampp\htdocs\reciclaje\Reciclaje_Practica\vendor\laravel\framework\src\Illuminate\Database\Connection.php:361
C:\xampp\htdocs\reciclaje\Reciclaje_Practica\vendor\laravel\framework\src\Illuminate\Database\Schema\MySqlBuilder.php:45
C:\xampp\htdocs\reciclaje\Reciclaje_Practica\vendor\laravel\framework\src\Illuminate\Database\Migrations\DatabaseMigrationRepository.php:184
C:\xampp\htdocs\reciclaje\Reciclaje_Practica\vendor\laravel\framework\src\Illuminate\Database\Migrations\Migrator.php:680
C:\xampp\htdocs\reciclaje\Reciclaje_Practica\vendor\laravel\framework\src\Illuminate\Database\Console\Migrations\FreshCommand.php:68
C:\xampp\htdocs\reciclaje\Reciclaje_Practica\vendor\laravel\framework\src\Illuminate\Database\Migrations\Migrator.php:615
C:\xampp\htdocs\reciclaje\Reciclaje_Practica\vendor\laravel\framework\src\Illuminate\Database\Console\Migrations\FreshCommand.php:67
C:\xampp\htdocs\reciclaje\Reciclaje_Practica\vendor\laravel\framework\src\Illuminate\Container\BoundMethod.php:36
C:\xampp\htdocs\reciclaje\Reciclaje_Practica\vendor\laravel\framework\src\Illuminate\Container\Util.php:43
C:\xampp\htdocs\reciclaje\Reciclaje_Practica\vendor\laravel\framework\src\Illuminate\Container\BoundMethod.php:95
C:\xampp\htdocs\reciclaje\Reciclaje_Practica\vendor\laravel\framework\src\Illuminate\Container\BoundMethod.php:35
C:\xampp\htdocs\reciclaje\Reciclaje_Practica\vendor\laravel\framework\src\Illuminate\Container\Container.php:690
C:\xampp\htdocs\reciclaje\Reciclaje_Practica\vendor\laravel\framework\src\Illuminate\Console\Command.php:213
C:\xampp\htdocs\reciclaje\Reciclaje_Practica\vendor\symfony\console\Command\Command.php:279
C:\xampp\htdocs\reciclaje\Reciclaje_Practica\vendor\laravel\framework\src\Illuminate\Console\Command.php:182
C:\xampp\htdocs\reciclaje\Reciclaje_Practica\vendor\symfony\console\Application.php:1029
C:\xampp\htdocs\reciclaje\Reciclaje_Practica\vendor\symfony\console\Application.php:316
C:\xampp\htdocs\reciclaje\Reciclaje_Practica\vendor\symfony\console\Application.php:167
C:\xampp\htdocs\reciclaje\Reciclaje_Practica\vendor\laravel\framework\src\Illuminate\Console\Application.php:163
C:\xampp\htdocs\reciclaje\Reciclaje_Practica\vendor\laravel\framework\src\Illuminate\Foundation\Console\Kernel.php:426
C:\xampp\htdocs\reciclaje\Reciclaje_Practica\vendor\laravel\framework\src\Illuminate\Testing\PendingCommand.php:331
C:\xampp\htdocs\reciclaje\Reciclaje_Practica\vendor\laravel\framework\src\Illuminate\Testing\PendingCommand.php:532
C:\xampp\htdocs\reciclaje\Reciclaje_Practica\vendor\laravel\framework\src\Illuminate\Foundation\Testing\Concerns\InteractsWithConsole.php:87
C:\xampp\htdocs\reciclaje\Reciclaje_Practica\vendor\laravel\framework\src\Illuminate\Foundation\Testing\RefreshDatabase.php:66
C:\xampp\htdocs\reciclaje\Reciclaje_Practica\vendor\laravel\framework\src\Illuminate\Foundation\Testing\RefreshDatabase.php:25
C:\xampp\htdocs\reciclaje\Reciclaje_Practica\vendor\laravel\framework\src\Illuminate\Foundation\Testing\Concerns\InteractsWithTestCaseLifecycle.php:197
C:\xampp\htdocs\reciclaje\Reciclaje_Practica\vendor\laravel\framework\src\Illuminate\Foundation\Testing\Concerns\InteractsWithTestCaseLifecycle.php:91
C:\xampp\htdocs\reciclaje\Reciclaje_Practica\vendor\laravel\framework\src\Illuminate\Foundation\Testing\TestCase.php:44</error>
        </testcase>
        <testcase name="test_correct_password_must_be_provided_to_delete_account" file="C:\xampp\htdocs\reciclaje\Reciclaje_Practica\tests\Feature\ProfileTest.php" line="82" class="Tests\Feature\ProfileTest" classname="Tests.Feature.ProfileTest" assertions="0" time="0.000000">
          <error type="Illuminate\Database\QueryException">Tests\Feature\ProfileTest::test_correct_password_must_be_provided_to_delete_account&#13;
Illuminate\Database\QueryException: SQLSTATE[HY000] [2002] No se puede establecer una conexión ya que el equipo de destino denegó expresamente dicha conexión (Connection: mysql, SQL: select exists (select 1 from information_schema.tables where table_schema = 'reciclaje' and table_name = 'migrations' and table_type in ('BASE TABLE', 'SYSTEM VERSIONED')) as `exists`)
&#13;
C:\xampp\htdocs\reciclaje\Reciclaje_Practica\vendor\laravel\framework\src\Illuminate\Database\Connection.php:825
C:\xampp\htdocs\reciclaje\Reciclaje_Practica\vendor\laravel\framework\src\Illuminate\Database\Connection.php:779
C:\xampp\htdocs\reciclaje\Reciclaje_Practica\vendor\laravel\framework\src\Illuminate\Database\Connection.php:398
C:\xampp\htdocs\reciclaje\Reciclaje_Practica\vendor\laravel\framework\src\Illuminate\Database\Connection.php:344
C:\xampp\htdocs\reciclaje\Reciclaje_Practica\vendor\laravel\framework\src\Illuminate\Database\Connection.php:361
C:\xampp\htdocs\reciclaje\Reciclaje_Practica\vendor\laravel\framework\src\Illuminate\Database\Schema\MySqlBuilder.php:45
C:\xampp\htdocs\reciclaje\Reciclaje_Practica\vendor\laravel\framework\src\Illuminate\Database\Migrations\DatabaseMigrationRepository.php:184
C:\xampp\htdocs\reciclaje\Reciclaje_Practica\vendor\laravel\framework\src\Illuminate\Database\Migrations\Migrator.php:680
C:\xampp\htdocs\reciclaje\Reciclaje_Practica\vendor\laravel\framework\src\Illuminate\Database\Console\Migrations\FreshCommand.php:68
C:\xampp\htdocs\reciclaje\Reciclaje_Practica\vendor\laravel\framework\src\Illuminate\Database\Migrations\Migrator.php:615
C:\xampp\htdocs\reciclaje\Reciclaje_Practica\vendor\laravel\framework\src\Illuminate\Database\Console\Migrations\FreshCommand.php:67
C:\xampp\htdocs\reciclaje\Reciclaje_Practica\vendor\laravel\framework\src\Illuminate\Container\BoundMethod.php:36
C:\xampp\htdocs\reciclaje\Reciclaje_Practica\vendor\laravel\framework\src\Illuminate\Container\Util.php:43
C:\xampp\htdocs\reciclaje\Reciclaje_Practica\vendor\laravel\framework\src\Illuminate\Container\BoundMethod.php:95
C:\xampp\htdocs\reciclaje\Reciclaje_Practica\vendor\laravel\framework\src\Illuminate\Container\BoundMethod.php:35
C:\xampp\htdocs\reciclaje\Reciclaje_Practica\vendor\laravel\framework\src\Illuminate\Container\Container.php:690
C:\xampp\htdocs\reciclaje\Reciclaje_Practica\vendor\laravel\framework\src\Illuminate\Console\Command.php:213
C:\xampp\htdocs\reciclaje\Reciclaje_Practica\vendor\symfony\console\Command\Command.php:279
C:\xampp\htdocs\reciclaje\Reciclaje_Practica\vendor\laravel\framework\src\Illuminate\Console\Command.php:182
C:\xampp\htdocs\reciclaje\Reciclaje_Practica\vendor\symfony\console\Application.php:1029
C:\xampp\htdocs\reciclaje\Reciclaje_Practica\vendor\symfony\console\Application.php:316
C:\xampp\htdocs\reciclaje\Reciclaje_Practica\vendor\symfony\console\Application.php:167
C:\xampp\htdocs\reciclaje\Reciclaje_Practica\vendor\laravel\framework\src\Illuminate\Console\Application.php:163
C:\xampp\htdocs\reciclaje\Reciclaje_Practica\vendor\laravel\framework\src\Illuminate\Foundation\Console\Kernel.php:426
C:\xampp\htdocs\reciclaje\Reciclaje_Practica\vendor\laravel\framework\src\Illuminate\Testing\PendingCommand.php:331
C:\xampp\htdocs\reciclaje\Reciclaje_Practica\vendor\laravel\framework\src\Illuminate\Testing\PendingCommand.php:532
C:\xampp\htdocs\reciclaje\Reciclaje_Practica\vendor\laravel\framework\src\Illuminate\Foundation\Testing\Concerns\InteractsWithConsole.php:87
C:\xampp\htdocs\reciclaje\Reciclaje_Practica\vendor\laravel\framework\src\Illuminate\Foundation\Testing\RefreshDatabase.php:66
C:\xampp\htdocs\reciclaje\Reciclaje_Practica\vendor\laravel\framework\src\Illuminate\Foundation\Testing\RefreshDatabase.php:25
C:\xampp\htdocs\reciclaje\Reciclaje_Practica\vendor\laravel\framework\src\Illuminate\Foundation\Testing\Concerns\InteractsWithTestCaseLifecycle.php:197
C:\xampp\htdocs\reciclaje\Reciclaje_Practica\vendor\laravel\framework\src\Illuminate\Foundation\Testing\Concerns\InteractsWithTestCaseLifecycle.php:91
C:\xampp\htdocs\reciclaje\Reciclaje_Practica\vendor\laravel\framework\src\Illuminate\Foundation\Testing\TestCase.php:44</error>
        </testcase>
      </testsuite>
    </testsuite>
  </testsuite>
</testsuites>
